
AVRASM ver. 2.1.30  D:\AVR program\8A\clock\List\clock.asm Fri May 01 01:02:39 2020

D:\AVR program\8A\clock\List\clock.asm(1057): warning: Register r5 already defined by the .DEF directive
D:\AVR program\8A\clock\List\clock.asm(1058): warning: Register r4 already defined by the .DEF directive
D:\AVR program\8A\clock\List\clock.asm(1059): warning: Register r7 already defined by the .DEF directive
D:\AVR program\8A\clock\List\clock.asm(1060): warning: Register r6 already defined by the .DEF directive
D:\AVR program\8A\clock\List\clock.asm(1061): warning: Register r9 already defined by the .DEF directive
D:\AVR program\8A\clock\List\clock.asm(1062): warning: Register r8 already defined by the .DEF directive
D:\AVR program\8A\clock\List\clock.asm(1063): warning: Register r11 already defined by the .DEF directive
D:\AVR program\8A\clock\List\clock.asm(1064): warning: Register r10 already defined by the .DEF directive
D:\AVR program\8A\clock\List\clock.asm(1065): warning: Register r13 already defined by the .DEF directive
D:\AVR program\8A\clock\List\clock.asm(1066): warning: Register r12 already defined by the .DEF directive
                 
                 
                 ;CodeVisionAVR C Compiler V2.05.0 Professional
                 ;(C) Copyright 1998-2010 Pavel Haiduc, HP InfoTech s.r.l.
                 ;http://www.hpinfotech.com
                 
                 ;Chip type                : ATmega8
                 ;Program type             : Application
                 ;Clock frequency          : 4,000000 MHz
                 ;Memory model             : Small
                 ;Optimize for             : Size
                 ;(s)printf features       : int, width
                 ;(s)scanf features        : int, width
                 ;External RAM size        : 0
                 ;Data Stack size          : 256 byte(s)
                 ;Heap size                : 0 byte(s)
                 ;Promote 'char' to 'int'  : Yes
                 ;'char' is unsigned       : Yes
                 ;8 bit enums              : Yes
                 ;global 'const' stored in FLASH: No
                 ;Enhanced core instructions    : On
                 ;Smart register allocation     : On
                 ;Automatic register allocation : On
                 
                 	#pragma AVRPART ADMIN PART_NAME ATmega8
                 	#pragma AVRPART MEMORY PROG_FLASH 8192
                 	#pragma AVRPART MEMORY EEPROM 512
                 	#pragma AVRPART MEMORY INT_SRAM SIZE 1119
                 	#pragma AVRPART MEMORY INT_SRAM START_ADDR 0x60
                 
                 	.LISTMAC
                 	.EQU UDRE=0x5
                 	.EQU RXC=0x7
                 	.EQU USR=0xB
                 	.EQU UDR=0xC
                 	.EQU SPSR=0xE
                 	.EQU SPDR=0xF
                 	.EQU EERE=0x0
                 	.EQU EEWE=0x1
                 	.EQU EEMWE=0x2
                 	.EQU EECR=0x1C
                 	.EQU EEDR=0x1D
                 	.EQU EEARL=0x1E
                 	.EQU EEARH=0x1F
                 	.EQU WDTCR=0x21
                 	.EQU MCUCR=0x35
                 	.EQU GICR=0x3B
                 	.EQU SPL=0x3D
                 	.EQU SPH=0x3E
                 	.EQU SREG=0x3F
                 
                 	.DEF R0X0=R0
                 	.DEF R0X1=R1
                 	.DEF R0X2=R2
                 	.DEF R0X3=R3
                 	.DEF R0X4=R4
                 	.DEF R0X5=R5
                 	.DEF R0X6=R6
                 	.DEF R0X7=R7
                 	.DEF R0X8=R8
                 	.DEF R0X9=R9
                 	.DEF R0XA=R10
                 	.DEF R0XB=R11
                 	.DEF R0XC=R12
                 	.DEF R0XD=R13
                 	.DEF R0XE=R14
                 	.DEF R0XF=R15
                 	.DEF R0X10=R16
                 	.DEF R0X11=R17
                 	.DEF R0X12=R18
                 	.DEF R0X13=R19
                 	.DEF R0X14=R20
                 	.DEF R0X15=R21
                 	.DEF R0X16=R22
                 	.DEF R0X17=R23
                 	.DEF R0X18=R24
                 	.DEF R0X19=R25
                 	.DEF R0X1A=R26
                 	.DEF R0X1B=R27
                 	.DEF R0X1C=R28
                 	.DEF R0X1D=R29
                 	.DEF R0X1E=R30
                 	.DEF R0X1F=R31
                 
                 	.EQU __SRAM_START=0x0060
                 	.EQU __SRAM_END=0x045F
                 	.EQU __DSTACK_SIZE=0x0100
                 	.EQU __HEAP_SIZE=0x0000
                 	.EQU __CLEAR_SRAM_SIZE=__SRAM_END-__SRAM_START+1
                 
                 	.MACRO __CPD1N
                 	CPI  R30,LOW(@0)
                 	LDI  R26,HIGH(@0)
                 	CPC  R31,R26
                 	LDI  R26,BYTE3(@0)
                 	CPC  R22,R26
                 	LDI  R26,BYTE4(@0)
                 	CPC  R23,R26
                 	.ENDM
                 
                 	.MACRO __CPD2N
                 	CPI  R26,LOW(@0)
                 	LDI  R30,HIGH(@0)
                 	CPC  R27,R30
                 	LDI  R30,BYTE3(@0)
                 	CPC  R24,R30
                 	LDI  R30,BYTE4(@0)
                 	CPC  R25,R30
                 	.ENDM
                 
                 	.MACRO __CPWRR
                 	CP   R@0,R@2
                 	CPC  R@1,R@3
                 	.ENDM
                 
                 	.MACRO __CPWRN
                 	CPI  R@0,LOW(@2)
                 	LDI  R30,HIGH(@2)
                 	CPC  R@1,R30
                 	.ENDM
                 
                 	.MACRO __ADDB1MN
                 	SUBI R30,LOW(-@0-(@1))
                 	.ENDM
                 
                 	.MACRO __ADDB2MN
                 	SUBI R26,LOW(-@0-(@1))
                 	.ENDM
                 
                 	.MACRO __ADDW1MN
                 	SUBI R30,LOW(-@0-(@1))
                 	SBCI R31,HIGH(-@0-(@1))
                 	.ENDM
                 
                 	.MACRO __ADDW2MN
                 	SUBI R26,LOW(-@0-(@1))
                 	SBCI R27,HIGH(-@0-(@1))
                 	.ENDM
                 
                 	.MACRO __ADDW1FN
                 	SUBI R30,LOW(-2*@0-(@1))
                 	SBCI R31,HIGH(-2*@0-(@1))
                 	.ENDM
                 
                 	.MACRO __ADDD1FN
                 	SUBI R30,LOW(-2*@0-(@1))
                 	SBCI R31,HIGH(-2*@0-(@1))
                 	SBCI R22,BYTE3(-2*@0-(@1))
                 	.ENDM
                 
                 	.MACRO __ADDD1N
                 	SUBI R30,LOW(-@0)
                 	SBCI R31,HIGH(-@0)
                 	SBCI R22,BYTE3(-@0)
                 	SBCI R23,BYTE4(-@0)
                 	.ENDM
                 
                 	.MACRO __ADDD2N
                 	SUBI R26,LOW(-@0)
                 	SBCI R27,HIGH(-@0)
                 	SBCI R24,BYTE3(-@0)
                 	SBCI R25,BYTE4(-@0)
                 	.ENDM
                 
                 	.MACRO __SUBD1N
                 	SUBI R30,LOW(@0)
                 	SBCI R31,HIGH(@0)
                 	SBCI R22,BYTE3(@0)
                 	SBCI R23,BYTE4(@0)
                 	.ENDM
                 
                 	.MACRO __SUBD2N
                 	SUBI R26,LOW(@0)
                 	SBCI R27,HIGH(@0)
                 	SBCI R24,BYTE3(@0)
                 	SBCI R25,BYTE4(@0)
                 	.ENDM
                 
                 	.MACRO __ANDBMNN
                 	LDS  R30,@0+(@1)
                 	ANDI R30,LOW(@2)
                 	STS  @0+(@1),R30
                 	.ENDM
                 
                 	.MACRO __ANDWMNN
                 	LDS  R30,@0+(@1)
                 	ANDI R30,LOW(@2)
                 	STS  @0+(@1),R30
                 	LDS  R30,@0+(@1)+1
                 	ANDI R30,HIGH(@2)
                 	STS  @0+(@1)+1,R30
                 	.ENDM
                 
                 	.MACRO __ANDD1N
                 	ANDI R30,LOW(@0)
                 	ANDI R31,HIGH(@0)
                 	ANDI R22,BYTE3(@0)
                 	ANDI R23,BYTE4(@0)
                 	.ENDM
                 
                 	.MACRO __ANDD2N
                 	ANDI R26,LOW(@0)
                 	ANDI R27,HIGH(@0)
                 	ANDI R24,BYTE3(@0)
                 	ANDI R25,BYTE4(@0)
                 	.ENDM
                 
                 	.MACRO __ORBMNN
                 	LDS  R30,@0+(@1)
                 	ORI  R30,LOW(@2)
                 	STS  @0+(@1),R30
                 	.ENDM
                 
                 	.MACRO __ORWMNN
                 	LDS  R30,@0+(@1)
                 	ORI  R30,LOW(@2)
                 	STS  @0+(@1),R30
                 	LDS  R30,@0+(@1)+1
                 	ORI  R30,HIGH(@2)
                 	STS  @0+(@1)+1,R30
                 	.ENDM
                 
                 	.MACRO __ORD1N
                 	ORI  R30,LOW(@0)
                 	ORI  R31,HIGH(@0)
                 	ORI  R22,BYTE3(@0)
                 	ORI  R23,BYTE4(@0)
                 	.ENDM
                 
                 	.MACRO __ORD2N
                 	ORI  R26,LOW(@0)
                 	ORI  R27,HIGH(@0)
                 	ORI  R24,BYTE3(@0)
                 	ORI  R25,BYTE4(@0)
                 	.ENDM
                 
                 	.MACRO __DELAY_USB
                 	LDI  R24,LOW(@0)
                 __DELAY_USB_LOOP:
                 	DEC  R24
                 	BRNE __DELAY_USB_LOOP
                 	.ENDM
                 
                 	.MACRO __DELAY_USW
                 	LDI  R24,LOW(@0)
                 	LDI  R25,HIGH(@0)
                 __DELAY_USW_LOOP:
                 	SBIW R24,1
                 	BRNE __DELAY_USW_LOOP
                 	.ENDM
                 
                 	.MACRO __GETD1S
                 	LDD  R30,Y+@0
                 	LDD  R31,Y+@0+1
                 	LDD  R22,Y+@0+2
                 	LDD  R23,Y+@0+3
                 	.ENDM
                 
                 	.MACRO __GETD2S
                 	LDD  R26,Y+@0
                 	LDD  R27,Y+@0+1
                 	LDD  R24,Y+@0+2
                 	LDD  R25,Y+@0+3
                 	.ENDM
                 
                 	.MACRO __PUTD1S
                 	STD  Y+@0,R30
                 	STD  Y+@0+1,R31
                 	STD  Y+@0+2,R22
                 	STD  Y+@0+3,R23
                 	.ENDM
                 
                 	.MACRO __PUTD2S
                 	STD  Y+@0,R26
                 	STD  Y+@0+1,R27
                 	STD  Y+@0+2,R24
                 	STD  Y+@0+3,R25
                 	.ENDM
                 
                 	.MACRO __PUTDZ2
                 	STD  Z+@0,R26
                 	STD  Z+@0+1,R27
                 	STD  Z+@0+2,R24
                 	STD  Z+@0+3,R25
                 	.ENDM
                 
                 	.MACRO __CLRD1S
                 	STD  Y+@0,R30
                 	STD  Y+@0+1,R30
                 	STD  Y+@0+2,R30
                 	STD  Y+@0+3,R30
                 	.ENDM
                 
                 	.MACRO __POINTB1MN
                 	LDI  R30,LOW(@0+(@1))
                 	.ENDM
                 
                 	.MACRO __POINTW1MN
                 	LDI  R30,LOW(@0+(@1))
                 	LDI  R31,HIGH(@0+(@1))
                 	.ENDM
                 
                 	.MACRO __POINTD1M
                 	LDI  R30,LOW(@0)
                 	LDI  R31,HIGH(@0)
                 	LDI  R22,BYTE3(@0)
                 	LDI  R23,BYTE4(@0)
                 	.ENDM
                 
                 	.MACRO __POINTW1FN
                 	LDI  R30,LOW(2*@0+(@1))
                 	LDI  R31,HIGH(2*@0+(@1))
                 	.ENDM
                 
                 	.MACRO __POINTD1FN
                 	LDI  R30,LOW(2*@0+(@1))
                 	LDI  R31,HIGH(2*@0+(@1))
                 	LDI  R22,BYTE3(2*@0+(@1))
                 	LDI  R23,BYTE4(2*@0+(@1))
                 	.ENDM
                 
                 	.MACRO __POINTB2MN
                 	LDI  R26,LOW(@0+(@1))
                 	.ENDM
                 
                 	.MACRO __POINTW2MN
                 	LDI  R26,LOW(@0+(@1))
                 	LDI  R27,HIGH(@0+(@1))
                 	.ENDM
                 
                 	.MACRO __POINTBRM
                 	LDI  R@0,LOW(@1)
                 	.ENDM
                 
                 	.MACRO __POINTWRM
                 	LDI  R@0,LOW(@2)
                 	LDI  R@1,HIGH(@2)
                 	.ENDM
                 
                 	.MACRO __POINTBRMN
                 	LDI  R@0,LOW(@1+(@2))
                 	.ENDM
                 
                 	.MACRO __POINTWRMN
                 	LDI  R@0,LOW(@2+(@3))
                 	LDI  R@1,HIGH(@2+(@3))
                 	.ENDM
                 
                 	.MACRO __POINTWRFN
                 	LDI  R@0,LOW(@2*2+(@3))
                 	LDI  R@1,HIGH(@2*2+(@3))
                 	.ENDM
                 
                 	.MACRO __GETD1N
                 	LDI  R30,LOW(@0)
                 	LDI  R31,HIGH(@0)
                 	LDI  R22,BYTE3(@0)
                 	LDI  R23,BYTE4(@0)
                 	.ENDM
                 
                 	.MACRO __GETD2N
                 	LDI  R26,LOW(@0)
                 	LDI  R27,HIGH(@0)
                 	LDI  R24,BYTE3(@0)
                 	LDI  R25,BYTE4(@0)
                 	.ENDM
                 
                 	.MACRO __GETB1MN
                 	LDS  R30,@0+(@1)
                 	.ENDM
                 
                 	.MACRO __GETB1HMN
                 	LDS  R31,@0+(@1)
                 	.ENDM
                 
                 	.MACRO __GETW1MN
                 	LDS  R30,@0+(@1)
                 	LDS  R31,@0+(@1)+1
                 	.ENDM
                 
                 	.MACRO __GETD1MN
                 	LDS  R30,@0+(@1)
                 	LDS  R31,@0+(@1)+1
                 	LDS  R22,@0+(@1)+2
                 	LDS  R23,@0+(@1)+3
                 	.ENDM
                 
                 	.MACRO __GETBRMN
                 	LDS  R@0,@1+(@2)
                 	.ENDM
                 
                 	.MACRO __GETWRMN
                 	LDS  R@0,@2+(@3)
                 	LDS  R@1,@2+(@3)+1
                 	.ENDM
                 
                 	.MACRO __GETWRZ
                 	LDD  R@0,Z+@2
                 	LDD  R@1,Z+@2+1
                 	.ENDM
                 
                 	.MACRO __GETD2Z
                 	LDD  R26,Z+@0
                 	LDD  R27,Z+@0+1
                 	LDD  R24,Z+@0+2
                 	LDD  R25,Z+@0+3
                 	.ENDM
                 
                 	.MACRO __GETB2MN
                 	LDS  R26,@0+(@1)
                 	.ENDM
                 
                 	.MACRO __GETW2MN
                 	LDS  R26,@0+(@1)
                 	LDS  R27,@0+(@1)+1
                 	.ENDM
                 
                 	.MACRO __GETD2MN
                 	LDS  R26,@0+(@1)
                 	LDS  R27,@0+(@1)+1
                 	LDS  R24,@0+(@1)+2
                 	LDS  R25,@0+(@1)+3
                 	.ENDM
                 
                 	.MACRO __PUTB1MN
                 	STS  @0+(@1),R30
                 	.ENDM
                 
                 	.MACRO __PUTW1MN
                 	STS  @0+(@1),R30
                 	STS  @0+(@1)+1,R31
                 	.ENDM
                 
                 	.MACRO __PUTD1MN
                 	STS  @0+(@1),R30
                 	STS  @0+(@1)+1,R31
                 	STS  @0+(@1)+2,R22
                 	STS  @0+(@1)+3,R23
                 	.ENDM
                 
                 	.MACRO __PUTB1EN
                 	LDI  R26,LOW(@0+(@1))
                 	LDI  R27,HIGH(@0+(@1))
                 	RCALL __EEPROMWRB
                 	.ENDM
                 
                 	.MACRO __PUTW1EN
                 	LDI  R26,LOW(@0+(@1))
                 	LDI  R27,HIGH(@0+(@1))
                 	RCALL __EEPROMWRW
                 	.ENDM
                 
                 	.MACRO __PUTD1EN
                 	LDI  R26,LOW(@0+(@1))
                 	LDI  R27,HIGH(@0+(@1))
                 	RCALL __EEPROMWRD
                 	.ENDM
                 
                 	.MACRO __PUTBR0MN
                 	STS  @0+(@1),R0
                 	.ENDM
                 
                 	.MACRO __PUTBMRN
                 	STS  @0+(@1),R@2
                 	.ENDM
                 
                 	.MACRO __PUTWMRN
                 	STS  @0+(@1),R@2
                 	STS  @0+(@1)+1,R@3
                 	.ENDM
                 
                 	.MACRO __PUTBZR
                 	STD  Z+@1,R@0
                 	.ENDM
                 
                 	.MACRO __PUTWZR
                 	STD  Z+@2,R@0
                 	STD  Z+@2+1,R@1
                 	.ENDM
                 
                 	.MACRO __GETW1R
                 	MOV  R30,R@0
                 	MOV  R31,R@1
                 	.ENDM
                 
                 	.MACRO __GETW2R
                 	MOV  R26,R@0
                 	MOV  R27,R@1
                 	.ENDM
                 
                 	.MACRO __GETWRN
                 	LDI  R@0,LOW(@2)
                 	LDI  R@1,HIGH(@2)
                 	.ENDM
                 
                 	.MACRO __PUTW1R
                 	MOV  R@0,R30
                 	MOV  R@1,R31
                 	.ENDM
                 
                 	.MACRO __PUTW2R
                 	MOV  R@0,R26
                 	MOV  R@1,R27
                 	.ENDM
                 
                 	.MACRO __ADDWRN
                 	SUBI R@0,LOW(-@2)
                 	SBCI R@1,HIGH(-@2)
                 	.ENDM
                 
                 	.MACRO __ADDWRR
                 	ADD  R@0,R@2
                 	ADC  R@1,R@3
                 	.ENDM
                 
                 	.MACRO __SUBWRN
                 	SUBI R@0,LOW(@2)
                 	SBCI R@1,HIGH(@2)
                 	.ENDM
                 
                 	.MACRO __SUBWRR
                 	SUB  R@0,R@2
                 	SBC  R@1,R@3
                 	.ENDM
                 
                 	.MACRO __ANDWRN
                 	ANDI R@0,LOW(@2)
                 	ANDI R@1,HIGH(@2)
                 	.ENDM
                 
                 	.MACRO __ANDWRR
                 	AND  R@0,R@2
                 	AND  R@1,R@3
                 	.ENDM
                 
                 	.MACRO __ORWRN
                 	ORI  R@0,LOW(@2)
                 	ORI  R@1,HIGH(@2)
                 	.ENDM
                 
                 	.MACRO __ORWRR
                 	OR   R@0,R@2
                 	OR   R@1,R@3
                 	.ENDM
                 
                 	.MACRO __EORWRR
                 	EOR  R@0,R@2
                 	EOR  R@1,R@3
                 	.ENDM
                 
                 	.MACRO __GETWRS
                 	LDD  R@0,Y+@2
                 	LDD  R@1,Y+@2+1
                 	.ENDM
                 
                 	.MACRO __PUTBSR
                 	STD  Y+@1,R@0
                 	.ENDM
                 
                 	.MACRO __PUTWSR
                 	STD  Y+@2,R@0
                 	STD  Y+@2+1,R@1
                 	.ENDM
                 
                 	.MACRO __MOVEWRR
                 	MOV  R@0,R@2
                 	MOV  R@1,R@3
                 	.ENDM
                 
                 	.MACRO __INWR
                 	IN   R@0,@2
                 	IN   R@1,@2+1
                 	.ENDM
                 
                 	.MACRO __OUTWR
                 	OUT  @2+1,R@1
                 	OUT  @2,R@0
                 	.ENDM
                 
                 	.MACRO __CALL1MN
                 	LDS  R30,@0+(@1)
                 	LDS  R31,@0+(@1)+1
                 	ICALL
                 	.ENDM
                 
                 	.MACRO __CALL1FN
                 	LDI  R30,LOW(2*@0+(@1))
                 	LDI  R31,HIGH(2*@0+(@1))
                 	RCALL __GETW1PF
                 	ICALL
                 	.ENDM
                 
                 	.MACRO __CALL2EN
                 	LDI  R26,LOW(@0+(@1))
                 	LDI  R27,HIGH(@0+(@1))
                 	RCALL __EEPROMRDW
                 	ICALL
                 	.ENDM
                 
                 	.MACRO __GETW1STACK
                 	IN   R26,SPL
                 	IN   R27,SPH
                 	ADIW R26,@0+1
                 	LD   R30,X+
                 	LD   R31,X
                 	.ENDM
                 
                 	.MACRO __GETD1STACK
                 	IN   R26,SPL
                 	IN   R27,SPH
                 	ADIW R26,@0+1
                 	LD   R30,X+
                 	LD   R31,X+
                 	LD   R22,X
                 	.ENDM
                 
                 	.MACRO __NBST
                 	BST  R@0,@1
                 	IN   R30,SREG
                 	LDI  R31,0x40
                 	EOR  R30,R31
                 	OUT  SREG,R30
                 	.ENDM
                 
                 
                 	.MACRO __PUTB1SN
                 	LDD  R26,Y+@0
                 	LDD  R27,Y+@0+1
                 	SUBI R26,LOW(-@1)
                 	SBCI R27,HIGH(-@1)
                 	ST   X,R30
                 	.ENDM
                 
                 	.MACRO __PUTW1SN
                 	LDD  R26,Y+@0
                 	LDD  R27,Y+@0+1
                 	SUBI R26,LOW(-@1)
                 	SBCI R27,HIGH(-@1)
                 	ST   X+,R30
                 	ST   X,R31
                 	.ENDM
                 
                 	.MACRO __PUTD1SN
                 	LDD  R26,Y+@0
                 	LDD  R27,Y+@0+1
                 	SUBI R26,LOW(-@1)
                 	SBCI R27,HIGH(-@1)
                 	RCALL __PUTDP1
                 	.ENDM
                 
                 	.MACRO __PUTB1SNS
                 	LDD  R26,Y+@0
                 	LDD  R27,Y+@0+1
                 	ADIW R26,@1
                 	ST   X,R30
                 	.ENDM
                 
                 	.MACRO __PUTW1SNS
                 	LDD  R26,Y+@0
                 	LDD  R27,Y+@0+1
                 	ADIW R26,@1
                 	ST   X+,R30
                 	ST   X,R31
                 	.ENDM
                 
                 	.MACRO __PUTD1SNS
                 	LDD  R26,Y+@0
                 	LDD  R27,Y+@0+1
                 	ADIW R26,@1
                 	RCALL __PUTDP1
                 	.ENDM
                 
                 	.MACRO __PUTB1PMN
                 	LDS  R26,@0
                 	LDS  R27,@0+1
                 	SUBI R26,LOW(-@1)
                 	SBCI R27,HIGH(-@1)
                 	ST   X,R30
                 	.ENDM
                 
                 	.MACRO __PUTW1PMN
                 	LDS  R26,@0
                 	LDS  R27,@0+1
                 	SUBI R26,LOW(-@1)
                 	SBCI R27,HIGH(-@1)
                 	ST   X+,R30
                 	ST   X,R31
                 	.ENDM
                 
                 	.MACRO __PUTD1PMN
                 	LDS  R26,@0
                 	LDS  R27,@0+1
                 	SUBI R26,LOW(-@1)
                 	SBCI R27,HIGH(-@1)
                 	RCALL __PUTDP1
                 	.ENDM
                 
                 	.MACRO __PUTB1PMNS
                 	LDS  R26,@0
                 	LDS  R27,@0+1
                 	ADIW R26,@1
                 	ST   X,R30
                 	.ENDM
                 
                 	.MACRO __PUTW1PMNS
                 	LDS  R26,@0
                 	LDS  R27,@0+1
                 	ADIW R26,@1
                 	ST   X+,R30
                 	ST   X,R31
                 	.ENDM
                 
                 	.MACRO __PUTD1PMNS
                 	LDS  R26,@0
                 	LDS  R27,@0+1
                 	ADIW R26,@1
                 	RCALL __PUTDP1
                 	.ENDM
                 
                 	.MACRO __PUTB1RN
                 	MOVW R26,R@0
                 	SUBI R26,LOW(-@1)
                 	SBCI R27,HIGH(-@1)
                 	ST   X,R30
                 	.ENDM
                 
                 	.MACRO __PUTW1RN
                 	MOVW R26,R@0
                 	SUBI R26,LOW(-@1)
                 	SBCI R27,HIGH(-@1)
                 	ST   X+,R30
                 	ST   X,R31
                 	.ENDM
                 
                 	.MACRO __PUTD1RN
                 	MOVW R26,R@0
                 	SUBI R26,LOW(-@1)
                 	SBCI R27,HIGH(-@1)
                 	RCALL __PUTDP1
                 	.ENDM
                 
                 	.MACRO __PUTB1RNS
                 	MOVW R26,R@0
                 	ADIW R26,@1
                 	ST   X,R30
                 	.ENDM
                 
                 	.MACRO __PUTW1RNS
                 	MOVW R26,R@0
                 	ADIW R26,@1
                 	ST   X+,R30
                 	ST   X,R31
                 	.ENDM
                 
                 	.MACRO __PUTD1RNS
                 	MOVW R26,R@0
                 	ADIW R26,@1
                 	RCALL __PUTDP1
                 	.ENDM
                 
                 	.MACRO __PUTB1RON
                 	MOV  R26,R@0
                 	MOV  R27,R@1
                 	SUBI R26,LOW(-@2)
                 	SBCI R27,HIGH(-@2)
                 	ST   X,R30
                 	.ENDM
                 
                 	.MACRO __PUTW1RON
                 	MOV  R26,R@0
                 	MOV  R27,R@1
                 	SUBI R26,LOW(-@2)
                 	SBCI R27,HIGH(-@2)
                 	ST   X+,R30
                 	ST   X,R31
                 	.ENDM
                 
                 	.MACRO __PUTD1RON
                 	MOV  R26,R@0
                 	MOV  R27,R@1
                 	SUBI R26,LOW(-@2)
                 	SBCI R27,HIGH(-@2)
                 	RCALL __PUTDP1
                 	.ENDM
                 
                 	.MACRO __PUTB1RONS
                 	MOV  R26,R@0
                 	MOV  R27,R@1
                 	ADIW R26,@2
                 	ST   X,R30
                 	.ENDM
                 
                 	.MACRO __PUTW1RONS
                 	MOV  R26,R@0
                 	MOV  R27,R@1
                 	ADIW R26,@2
                 	ST   X+,R30
                 	ST   X,R31
                 	.ENDM
                 
                 	.MACRO __PUTD1RONS
                 	MOV  R26,R@0
                 	MOV  R27,R@1
                 	ADIW R26,@2
                 	RCALL __PUTDP1
                 	.ENDM
                 
                 
                 	.MACRO __GETB1SX
                 	MOVW R30,R28
                 	SUBI R30,LOW(-@0)
                 	SBCI R31,HIGH(-@0)
                 	LD   R30,Z
                 	.ENDM
                 
                 	.MACRO __GETB1HSX
                 	MOVW R30,R28
                 	SUBI R30,LOW(-@0)
                 	SBCI R31,HIGH(-@0)
                 	LD   R31,Z
                 	.ENDM
                 
                 	.MACRO __GETW1SX
                 	MOVW R30,R28
                 	SUBI R30,LOW(-@0)
                 	SBCI R31,HIGH(-@0)
                 	LD   R0,Z+
                 	LD   R31,Z
                 	MOV  R30,R0
                 	.ENDM
                 
                 	.MACRO __GETD1SX
                 	MOVW R30,R28
                 	SUBI R30,LOW(-@0)
                 	SBCI R31,HIGH(-@0)
                 	LD   R0,Z+
                 	LD   R1,Z+
                 	LD   R22,Z+
                 	LD   R23,Z
                 	MOVW R30,R0
                 	.ENDM
                 
                 	.MACRO __GETB2SX
                 	MOVW R26,R28
                 	SUBI R26,LOW(-@0)
                 	SBCI R27,HIGH(-@0)
                 	LD   R26,X
                 	.ENDM
                 
                 	.MACRO __GETW2SX
                 	MOVW R26,R28
                 	SUBI R26,LOW(-@0)
                 	SBCI R27,HIGH(-@0)
                 	LD   R0,X+
                 	LD   R27,X
                 	MOV  R26,R0
                 	.ENDM
                 
                 	.MACRO __GETD2SX
                 	MOVW R26,R28
                 	SUBI R26,LOW(-@0)
                 	SBCI R27,HIGH(-@0)
                 	LD   R0,X+
                 	LD   R1,X+
                 	LD   R24,X+
                 	LD   R25,X
                 	MOVW R26,R0
                 	.ENDM
                 
                 	.MACRO __GETBRSX
                 	MOVW R30,R28
                 	SUBI R30,LOW(-@1)
                 	SBCI R31,HIGH(-@1)
                 	LD   R@0,Z
                 	.ENDM
                 
                 	.MACRO __GETWRSX
                 	MOVW R30,R28
                 	SUBI R30,LOW(-@2)
                 	SBCI R31,HIGH(-@2)
                 	LD   R@0,Z+
                 	LD   R@1,Z
                 	.ENDM
                 
                 	.MACRO __GETBRSX2
                 	MOVW R26,R28
                 	SUBI R26,LOW(-@1)
                 	SBCI R27,HIGH(-@1)
                 	LD   R@0,X
                 	.ENDM
                 
                 	.MACRO __GETWRSX2
                 	MOVW R26,R28
                 	SUBI R26,LOW(-@2)
                 	SBCI R27,HIGH(-@2)
                 	LD   R@0,X+
                 	LD   R@1,X
                 	.ENDM
                 
                 	.MACRO __LSLW8SX
                 	MOVW R30,R28
                 	SUBI R30,LOW(-@0)
                 	SBCI R31,HIGH(-@0)
                 	LD   R31,Z
                 	CLR  R30
                 	.ENDM
                 
                 	.MACRO __PUTB1SX
                 	MOVW R26,R28
                 	SUBI R26,LOW(-@0)
                 	SBCI R27,HIGH(-@0)
                 	ST   X,R30
                 	.ENDM
                 
                 	.MACRO __PUTW1SX
                 	MOVW R26,R28
                 	SUBI R26,LOW(-@0)
                 	SBCI R27,HIGH(-@0)
                 	ST   X+,R30
                 	ST   X,R31
                 	.ENDM
                 
                 	.MACRO __PUTD1SX
                 	MOVW R26,R28
                 	SUBI R26,LOW(-@0)
                 	SBCI R27,HIGH(-@0)
                 	ST   X+,R30
                 	ST   X+,R31
                 	ST   X+,R22
                 	ST   X,R23
                 	.ENDM
                 
                 	.MACRO __CLRW1SX
                 	MOVW R26,R28
                 	SUBI R26,LOW(-@0)
                 	SBCI R27,HIGH(-@0)
                 	ST   X+,R30
                 	ST   X,R30
                 	.ENDM
                 
                 	.MACRO __CLRD1SX
                 	MOVW R26,R28
                 	SUBI R26,LOW(-@0)
                 	SBCI R27,HIGH(-@0)
                 	ST   X+,R30
                 	ST   X+,R30
                 	ST   X+,R30
                 	ST   X,R30
                 	.ENDM
                 
                 	.MACRO __PUTB2SX
                 	MOVW R30,R28
                 	SUBI R30,LOW(-@0)
                 	SBCI R31,HIGH(-@0)
                 	ST   Z,R26
                 	.ENDM
                 
                 	.MACRO __PUTW2SX
                 	MOVW R30,R28
                 	SUBI R30,LOW(-@0)
                 	SBCI R31,HIGH(-@0)
                 	ST   Z+,R26
                 	ST   Z,R27
                 	.ENDM
                 
                 	.MACRO __PUTD2SX
                 	MOVW R30,R28
                 	SUBI R30,LOW(-@0)
                 	SBCI R31,HIGH(-@0)
                 	ST   Z+,R26
                 	ST   Z+,R27
                 	ST   Z+,R24
                 	ST   Z,R25
                 	.ENDM
                 
                 	.MACRO __PUTBSRX
                 	MOVW R30,R28
                 	SUBI R30,LOW(-@1)
                 	SBCI R31,HIGH(-@1)
                 	ST   Z,R@0
                 	.ENDM
                 
                 	.MACRO __PUTWSRX
                 	MOVW R30,R28
                 	SUBI R30,LOW(-@2)
                 	SBCI R31,HIGH(-@2)
                 	ST   Z+,R@0
                 	ST   Z,R@1
                 	.ENDM
                 
                 	.MACRO __PUTB1SNX
                 	MOVW R26,R28
                 	SUBI R26,LOW(-@0)
                 	SBCI R27,HIGH(-@0)
                 	LD   R0,X+
                 	LD   R27,X
                 	MOV  R26,R0
                 	SUBI R26,LOW(-@1)
                 	SBCI R27,HIGH(-@1)
                 	ST   X,R30
                 	.ENDM
                 
                 	.MACRO __PUTW1SNX
                 	MOVW R26,R28
                 	SUBI R26,LOW(-@0)
                 	SBCI R27,HIGH(-@0)
                 	LD   R0,X+
                 	LD   R27,X
                 	MOV  R26,R0
                 	SUBI R26,LOW(-@1)
                 	SBCI R27,HIGH(-@1)
                 	ST   X+,R30
                 	ST   X,R31
                 	.ENDM
                 
                 	.MACRO __PUTD1SNX
                 	MOVW R26,R28
                 	SUBI R26,LOW(-@0)
                 	SBCI R27,HIGH(-@0)
                 	LD   R0,X+
                 	LD   R27,X
                 	MOV  R26,R0
                 	SUBI R26,LOW(-@1)
                 	SBCI R27,HIGH(-@1)
                 	ST   X+,R30
                 	ST   X+,R31
                 	ST   X+,R22
                 	ST   X,R23
                 	.ENDM
                 
                 	.MACRO __MULBRR
                 	MULS R@0,R@1
                 	MOVW R30,R0
                 	.ENDM
                 
                 	.MACRO __MULBRRU
                 	MUL  R@0,R@1
                 	MOVW R30,R0
                 	.ENDM
                 
                 	.MACRO __MULBRR0
                 	MULS R@0,R@1
                 	.ENDM
                 
                 	.MACRO __MULBRRU0
                 	MUL  R@0,R@1
                 	.ENDM
                 
                 	.MACRO __MULBNWRU
                 	LDI  R26,@2
                 	MUL  R26,R@0
                 	MOVW R30,R0
                 	MUL  R26,R@1
                 	ADD  R31,R0
                 	.ENDM
                 
                 ;NAME DEFINITIONS FOR GLOBAL VARIABLES ALLOCATED TO REGISTERS
                 	.DEF _hour=R5
                 	.DEF _min=R4
                 	.DEF _sec=R7
                 	.DEF _ukd=R6
                 	.DEF _hour1=R9
                 	.DEF _min1=R8
                 	.DEF _ukd1=R11
                 	.DEF _charge=R10
                 	.DEF _menu=R13
                 	.DEF _timelight=R12
                 
                 	.CSEG
                 	.ORG 0x00
                 
                 ;START OF CODE MARKER
                 __START_OF_CODE:
                 
                 ;INTERRUPT VECTORS
000000 c069      	RJMP __RESET
000001 c125      	RJMP _customization
000002 cffd      	RJMP 0x00
000003 cffc      	RJMP 0x00
000004 cffb      	RJMP 0x00
000005 cffa      	RJMP 0x00
000006 c1d0      	RJMP _time
000007 cff8      	RJMP 0x00
000008 cff7      	RJMP 0x00
000009 cff6      	RJMP 0x00
00000a cff5      	RJMP 0x00
00000b cff4      	RJMP 0x00
00000c cff3      	RJMP 0x00
00000d cff2      	RJMP 0x00
00000e cff1      	RJMP 0x00
00000f cff0      	RJMP 0x00
000010 cfef      	RJMP 0x00
000011 cfee      	RJMP 0x00
000012 cfed      	RJMP 0x00
                 
                 _chis:
000013 3130
000014 3332
000015 3534
000016 3736      	.DB  0x30,0x31,0x32,0x33,0x34,0x35,0x36,0x37
000017 3938      	.DB  0x38,0x39
                 _char0:
000018 110e
000019 1111
00001a 1f11
00001b 1f1f      	.DB  0xE,0x11,0x11,0x11,0x11,0x1F,0x1F,0x1F
                 _char1:
00001c 110e
00001d 1f11
00001e 1f1f
00001f 1f1f      	.DB  0xE,0x11,0x11,0x1F,0x1F,0x1F,0x1F,0x1F
                 _char2:
000020 1f0e
000021 1f1f
000022 1f1f
000023 1f1f      	.DB  0xE,0x1F,0x1F,0x1F,0x1F,0x1F,0x1F,0x1F
                 
                 ;REGISTER BIT VARIABLES INITIALIZATION
                 __REG_BIT_VARS:
000024 0014      	.DW  0x0014
                 
                 _0x3:
D:\AVR program\8A\clock\List\clock.asm(1110): warning: .cseg .db misalignment - padding zero byte
000025 000a      	.DB  0xA
                 _0x4:
000026 0064
000027 006b
000028 0073
000029 007d      	.DB  LOW(_0x0*2),HIGH(_0x0*2),LOW(_0x0*2+7),HIGH(_0x0*2+7),LOW(_0x0*2+15),HIGH(_0x0*2+15),LOW(_0x0*2+25),HIGH(_0x0*2+25)
00002a 0086
00002b 008d
00002c 0096      	.DB  LOW(_0x0*2+34),HIGH(_0x0*2+34),LOW(_0x0*2+41),HIGH(_0x0*2+41),LOW(_0x0*2+50),HIGH(_0x0*2+50)
                 _0x72:
00002d 0000
00002e 0000
00002f 0000
000030 0000      	.DB  0x0,0x0,0x0,0x0,0x0,0x0,0x0,0x0
000031 0000      	.DB  0x0,0x0
                 _0x0:
000032 6f4d
000033 646e
000034 7961
000035 5400      	.DB  0x4D,0x6F,0x6E,0x64,0x61,0x79,0x0,0x54
000036 6575
000037 6473
000038 7961
000039 5700      	.DB  0x75,0x65,0x73,0x64,0x61,0x79,0x0,0x57
00003a 6465
00003b 656e
00003c 6473
00003d 7961      	.DB  0x65,0x64,0x6E,0x65,0x73,0x64,0x61,0x79
00003e 5400
00003f 7568
000040 7372
000041 6164      	.DB  0x0,0x54,0x68,0x75,0x72,0x73,0x64,0x61
000042 0079
000043 7246
000044 6469
000045 7961      	.DB  0x79,0x0,0x46,0x72,0x69,0x64,0x61,0x79
000046 5300
000047 7461
000048 7275
000049 6164      	.DB  0x0,0x53,0x61,0x74,0x75,0x72,0x64,0x61
00004a 0079
00004b 7553
00004c 646e
00004d 7961      	.DB  0x79,0x0,0x53,0x75,0x6E,0x64,0x61,0x79
00004e 3a00
00004f 4f00
000050 004e
000051 464f      	.DB  0x0,0x3A,0x0,0x4F,0x4E,0x0,0x4F,0x46
000052 0046      	.DB  0x46,0x0
                 _0x2000003:
000053 c080      	.DB  0x80,0xC0
                 
                 __GLOBAL_INI_TBL:
000054 0001      	.DW  0x01
000055 0002      	.DW  0x02
000056 0048      	.DW  __REG_BIT_VARS*2
                 
000057 000e      	.DW  0x0E
000058 0166      	.DW  _dday
000059 004c      	.DW  _0x4*2
                 
00005a 0002      	.DW  0x02
00005b 0160      	.DW  _0x1C
00005c 009d      	.DW  _0x0*2+57
                 
00005d 0002      	.DW  0x02
00005e 0162      	.DW  _0x1C+2
00005f 009d      	.DW  _0x0*2+57
                 
000060 0002      	.DW  0x02
000061 0164      	.DW  _0x1E
000062 009d      	.DW  _0x0*2+57
                 
000063 000a      	.DW  0x0A
000064 0004      	.DW  0x04
000065 005a      	.DW  _0x72*2
                 
000066 0002      	.DW  0x02
000067 0174      	.DW  __base_y_G100
000068 00a6      	.DW  _0x2000003*2
                 
                 _0xFFFFFFFF:
000069 0000      	.DW  0
                 
                 __RESET:
00006a 94f8      	CLI
00006b 27ee      	CLR  R30
00006c bbec      	OUT  EECR,R30
                 
                 ;INTERRUPT VECTORS ARE PLACED
                 ;AT THE START OF FLASH
00006d e0f1      	LDI  R31,1
00006e bffb      	OUT  GICR,R31
00006f bfeb      	OUT  GICR,R30
000070 bfe5      	OUT  MCUCR,R30
                 
                 ;DISABLE WATCHDOG
000071 e1f8      	LDI  R31,0x18
000072 bdf1      	OUT  WDTCR,R31
000073 bde1      	OUT  WDTCR,R30
                 
                 ;CLEAR R2-R14
000074 e08d      	LDI  R24,(14-2)+1
000075 e0a2      	LDI  R26,2
000076 27bb      	CLR  R27
                 __CLEAR_REG:
000077 93ed      	ST   X+,R30
000078 958a      	DEC  R24
000079 f7e9      	BRNE __CLEAR_REG
                 
                 ;CLEAR SRAM
00007a e080      	LDI  R24,LOW(__CLEAR_SRAM_SIZE)
00007b e094      	LDI  R25,HIGH(__CLEAR_SRAM_SIZE)
00007c e6a0      	LDI  R26,__SRAM_START
                 __CLEAR_SRAM:
00007d 93ed      	ST   X+,R30
00007e 9701      	SBIW R24,1
00007f f7e9      	BRNE __CLEAR_SRAM
                 
                 ;GLOBAL VARIABLES INITIALIZATION
000080 eae8      	LDI  R30,LOW(__GLOBAL_INI_TBL*2)
000081 e0f0      	LDI  R31,HIGH(__GLOBAL_INI_TBL*2)
                 __GLOBAL_INI_NEXT:
000082 9185      	LPM  R24,Z+
000083 9195      	LPM  R25,Z+
000084 9700      	SBIW R24,0
000085 f061      	BREQ __GLOBAL_INI_END
000086 91a5      	LPM  R26,Z+
000087 91b5      	LPM  R27,Z+
000088 9005      	LPM  R0,Z+
000089 9015      	LPM  R1,Z+
00008a 01bf      	MOVW R22,R30
00008b 01f0      	MOVW R30,R0
                 __GLOBAL_INI_LOOP:
00008c 9005      	LPM  R0,Z+
00008d 920d      	ST   X+,R0
00008e 9701      	SBIW R24,1
00008f f7e1      	BRNE __GLOBAL_INI_LOOP
000090 01fb      	MOVW R30,R22
000091 cff0      	RJMP __GLOBAL_INI_NEXT
                 __GLOBAL_INI_END:
                 
                 ;HARDWARE STACK POINTER INITIALIZATION
000092 e5ef      	LDI  R30,LOW(__SRAM_END-__HEAP_SIZE)
000093 bfed      	OUT  SPL,R30
000094 e0e4      	LDI  R30,HIGH(__SRAM_END-__HEAP_SIZE)
000095 bfee      	OUT  SPH,R30
                 
                 ;DATA STACK POINTER INITIALIZATION
000096 e6c0      	LDI  R28,LOW(__SRAM_START+__DSTACK_SIZE)
000097 e0d1      	LDI  R29,HIGH(__SRAM_START+__DSTACK_SIZE)
                 
000098 c16f      	RJMP _main
                 
                 	.ESEG
                 	.ORG 0
                 
                 	.DSEG
                 	.ORG 0x160
                 
                 	.CSEG
                 ;/*****************************************************
                 ;Project : clock
                 ;Version : 1
                 ;Date    : 22.07.2019
                 ;
                 ;Chip type               : ATmega8
                 ;Program type            : Application
                 ;AVR Core Clock frequency: 4,000000 MHz
                 ;Memory model            : Small
                 ;External RAM size       : 0
                 ;Data Stack size         : 256
                 ;*****************************************************/
                 ;
                 ;#include <mega8.h>
                 	#ifndef __SLEEP_DEFINED__
                 	#define __SLEEP_DEFINED__
                 	.EQU __se_bit=0x80
                 	.EQU __sm_mask=0x70
                 	.EQU __sm_powerdown=0x20
                 	.EQU __sm_powersave=0x30
                 	.EQU __sm_standby=0x60
                 	.EQU __sm_ext_standby=0x70
                 	.EQU __sm_adc_noise_red=0x10
                 	.SET power_ctrl_reg=mcucr
                 	#endif
                 ;#include <alcd.h>
                 ;
                 ;const unsigned char time_backlight=10;
                 
                 	.DSEG
                 ;
                 ;
                 ;typedef unsigned char byte;
                 ;
                 ;register unsigned char hour=0 ,min=0, sec=0, ukd=0, hour1=0, min1=0,
                 ;ukd1=0, charge=0, menu=0,timelight;
                 ;
                 ;register bit clockon=0,on=0,light=1,menustart=0,show=1;
                 ;
                 ;flash unsigned char chis[10]={48,49,50,51,52,53,54,55,56,57};
                 ;
                 ;flash unsigned char *dday[7]={"Monday","Tuesday","Wednesday","Thursday","Friday","Saturday","Sunday"};
                 ;
                 ;flash byte char0[8] = {
                 ;	0b01110,
                 ;	0b10001,
                 ;	0b10001,
                 ;	0b10001,
                 ;	0b10001,
                 ;	0b11111,
                 ;	0b11111,
                 ;	0b11111
                 ;};
                 ;//заряд мало
                 ;
                 ;flash byte char1[8] = {
                 ;	0b01110,
                 ;	0b10001,
                 ;	0b10001,
                 ;	0b11111,
                 ;	0b11111,
                 ;	0b11111,
                 ;	0b11111,
                 ;	0b11111
                 ;};
                 ;//заряд средне
                 ;
                 ;flash byte char2[8] = {
                 ;	0b01110,
                 ;	0b11111,
                 ;	0b11111,
                 ;	0b11111,
                 ;	0b11111,
                 ;	0b11111,
                 ;	0b11111,
                 ;	0b11111
                 ;};
                 ;//заряд много
                 ;
                 ;
                 ;void define_char(byte flash *pc,byte char_code)
                 ; 0000 0045 {
                 
                 	.CSEG
                 _define_char:
                 ; 0000 0046   byte i,a;
                 ; 0000 0047   a=(char_code<<3)|0x40;
000099 d360      	RCALL __SAVELOCR2
                 ;	*pc -> Y+3
                 ;	char_code -> Y+2
                 ;	i -> R17
                 ;	a -> R16
00009a 81ea      	LDD  R30,Y+2
00009b 0fee      	LSL  R30
00009c 0fee      	LSL  R30
00009d 0fee      	LSL  R30
00009e 64e0      	ORI  R30,0x40
00009f 2f0e      	MOV  R16,R30
                 ; 0000 0048   for (i=0; i<8; i++) lcd_write_byte(a++,*pc++);
0000a0 e010      	LDI  R17,LOW(0)
                 _0x6:
0000a1 3018      	CPI  R17,8
0000a2 f460      	BRSH _0x7
0000a3 930a      	ST   -Y,R16
0000a4 9503      	INC  R16
0000a5 81ec      	LDD  R30,Y+4
0000a6 81fd      	LDD  R31,Y+4+1
0000a7 9631      	ADIW R30,1
0000a8 83ec      	STD  Y+4,R30
0000a9 83fd      	STD  Y+4+1,R31
0000aa 9731      	SBIW R30,1
0000ab d28f      	RCALL SUBOPT_0x0
0000ac d1fc      	RCALL _lcd_write_byte
0000ad 5f1f      	SUBI R17,-1
0000ae cff2      	RJMP _0x6
                 _0x7:
                 ; 0000 0049 }
0000af d34d      	RCALL __LOADLOCR2
0000b0 9625      	ADIW R28,5
0000b1 9508      	RET
                 ;
                 ;unsigned char EncoderScan(unsigned char a)
                 ; 0000 004C {
                 _EncoderScan:
                 ; 0000 004D     if (PINB.1==0)
                 ;	a -> Y+0
0000b2 99b1      	SBIC 0x16,1
0000b3 c00c      	RJMP _0x8
                 ; 0000 004E     {
                 ; 0000 004F         while (PINB.1==0) {}
                 _0x9:
0000b4 9bb1      	SBIS 0x16,1
0000b5 cffe      	RJMP _0x9
                 ; 0000 0050         while (PINB.2==0) {}
                 _0xC:
0000b6 9bb2      	SBIS 0x16,2
0000b7 cffe      	RJMP _0xC
                 ; 0000 0051         if ((PINB.2==1) && (PINB.1==1)) a++;
0000b8 9bb2      	SBIS 0x16,2
0000b9 c002      	RJMP _0x10
0000ba 99b1      	SBIC 0x16,1
0000bb c001      	RJMP _0x11
                 _0x10:
0000bc c003      	RJMP _0xF
                 _0x11:
0000bd 81e8      	LD   R30,Y
0000be 5fef      	SUBI R30,-LOW(1)
0000bf 83e8      	ST   Y,R30
                 ; 0000 0052     }
                 _0xF:
                 ; 0000 0053 
                 ; 0000 0054      if (PINB.2==0)
                 _0x8:
0000c0 99b2      	SBIC 0x16,2
0000c1 c00c      	RJMP _0x12
                 ; 0000 0055     {
                 ; 0000 0056         while (PINB.2==0) {}
                 _0x13:
0000c2 9bb2      	SBIS 0x16,2
0000c3 cffe      	RJMP _0x13
                 ; 0000 0057         while (PINB.1==0) {}
                 _0x16:
0000c4 9bb1      	SBIS 0x16,1
0000c5 cffe      	RJMP _0x16
                 ; 0000 0058         if ((PINB.2==1) && (PINB.1==1)) a--;
0000c6 9bb2      	SBIS 0x16,2
0000c7 c002      	RJMP _0x1A
0000c8 99b1      	SBIC 0x16,1
0000c9 c001      	RJMP _0x1B
                 _0x1A:
0000ca c003      	RJMP _0x19
                 _0x1B:
0000cb 81e8      	LD   R30,Y
0000cc 50e1      	SUBI R30,LOW(1)
0000cd 83e8      	ST   Y,R30
                 ; 0000 0059     }
                 _0x19:
                 ; 0000 005A     return a;
                 _0x12:
0000ce 81e8      	LD   R30,Y
0000cf c269      	RJMP _0x2020001
                 ; 0000 005B }
                 ;//обработка энкодера
                 ;
                 ;void write(void)
                 ; 0000 005F {
                 _write:
                 ; 0000 0060    lcd_clear();
0000d0 d1ef      	RCALL _lcd_clear
                 ; 0000 0061    lcd_gotoxy(4,0);
0000d1 e0e4      	LDI  R30,LOW(4)
0000d2 d26b      	RCALL SUBOPT_0x1
                 ; 0000 0062    lcd_putchar(chis[hour/10]);
0000d3 d270      	RCALL SUBOPT_0x2
0000d4 d1f9      	RCALL _lcd_putchar
                 ; 0000 0063    lcd_gotoxy(5,0);
0000d5 e0e5      	LDI  R30,LOW(5)
0000d6 d267      	RCALL SUBOPT_0x1
                 ; 0000 0064    lcd_putchar(chis[hour%10]);
0000d7 d273      	RCALL SUBOPT_0x3
0000d8 d1f5      	RCALL _lcd_putchar
                 ; 0000 0065    lcd_gotoxy(6,0);
0000d9 d278      	RCALL SUBOPT_0x4
                 ; 0000 0066    lcd_puts(":");
                +
0000da e6e0     +LDI R30 , LOW ( _0x1C + ( 0 ) )
0000db e0f1     +LDI R31 , HIGH ( _0x1C + ( 0 ) )
                 	__POINTW1MN _0x1C,0
0000dc d27a      	RCALL SUBOPT_0x5
                 ; 0000 0067    lcd_gotoxy(7,0);
0000dd d27c      	RCALL SUBOPT_0x6
                 ; 0000 0068    lcd_putchar(chis[min/10]);
0000de 2da4      	MOV  R26,R4
0000df d264      	RCALL SUBOPT_0x2
0000e0 d27e      	RCALL SUBOPT_0x7
                 ; 0000 0069    lcd_gotoxy(8,0);
                 ; 0000 006A    lcd_putchar(chis[min%10]);
0000e1 2da4      	MOV  R26,R4
0000e2 d268      	RCALL SUBOPT_0x3
0000e3 d1ea      	RCALL _lcd_putchar
                 ; 0000 006B    lcd_gotoxy(9,0);
0000e4 d280      	RCALL SUBOPT_0x8
                 ; 0000 006C    lcd_puts(":");
                +
0000e5 e6e2     +LDI R30 , LOW ( _0x1C + ( 2 ) )
0000e6 e0f1     +LDI R31 , HIGH ( _0x1C + ( 2 ) )
                 	__POINTW1MN _0x1C,2
0000e7 d26f      	RCALL SUBOPT_0x5
                 ; 0000 006D    lcd_gotoxy(10,0);
0000e8 d281      	RCALL SUBOPT_0x9
                 ; 0000 006E    lcd_putchar(chis[sec/10]);
0000e9 2da7      	MOV  R26,R7
0000ea d259      	RCALL SUBOPT_0x2
0000eb d1e2      	RCALL _lcd_putchar
                 ; 0000 006F    lcd_gotoxy(11,0);
0000ec e0eb      	LDI  R30,LOW(11)
0000ed d281      	RCALL SUBOPT_0xA
                 ; 0000 0070    lcd_putchar(chis[sec%10]);
0000ee 2da7      	MOV  R26,R7
0000ef d25b      	RCALL SUBOPT_0x3
0000f0 d282      	RCALL SUBOPT_0xB
                 ; 0000 0071    lcd_gotoxy(0,1);
                 ; 0000 0072    lcd_putsf(dday[ukd]);
0000f1 2de6      	MOV  R30,R6
0000f2 d286      	RCALL SUBOPT_0xC
                 ; 0000 0073    if (menustart) {
0000f3 fe23      	SBRS R2,3
0000f4 c005      	RJMP _0x1D
                 ; 0000 0074      lcd_gotoxy(15,0);
0000f5 e0ef      	LDI  R30,LOW(15)
0000f6 d278      	RCALL SUBOPT_0xA
                 ; 0000 0075      lcd_putchar(chis[menu%10]); }
0000f7 2dad      	MOV  R26,R13
0000f8 d252      	RCALL SUBOPT_0x3
0000f9 d1d4      	RCALL _lcd_putchar
                 ; 0000 0076    lcd_gotoxy(15,1);
                 _0x1D:
0000fa c027      	RJMP _0x2020004
                 ; 0000 0077    lcd_putchar(charge);
                 ; 0000 0078    //wait();
                 ; 0000 0079 }
                 
                 	.DSEG
                 _0x1C:
000160           	.BYTE 0x4
                 ;// основной вывод на дисплей
                 ;
                 ;void write2(void)
                 ; 0000 007D {
                 
                 	.CSEG
                 _write2:
                 ; 0000 007E    lcd_clear();
0000fb d1c4      	RCALL _lcd_clear
                 ; 0000 007F    lcd_gotoxy(6,0);
0000fc d255      	RCALL SUBOPT_0x4
                 ; 0000 0080    lcd_putchar(chis[hour1/10]);
0000fd 2da9      	MOV  R26,R9
0000fe d245      	RCALL SUBOPT_0x2
0000ff d1ce      	RCALL _lcd_putchar
                 ; 0000 0081    lcd_gotoxy(7,0);
000100 d259      	RCALL SUBOPT_0x6
                 ; 0000 0082    lcd_putchar(chis[hour1%10]);
000101 2da9      	MOV  R26,R9
000102 d248      	RCALL SUBOPT_0x3
000103 d25b      	RCALL SUBOPT_0x7
                 ; 0000 0083    lcd_gotoxy(8,0);
                 ; 0000 0084    lcd_puts(":");
                +
000104 e6e4     +LDI R30 , LOW ( _0x1E + ( 0 ) )
000105 e0f1     +LDI R31 , HIGH ( _0x1E + ( 0 ) )
                 	__POINTW1MN _0x1E,0
000106 d250      	RCALL SUBOPT_0x5
                 ; 0000 0085    lcd_gotoxy(9,0);
000107 d25d      	RCALL SUBOPT_0x8
                 ; 0000 0086    lcd_putchar(chis[min1/10]);
000108 2da8      	MOV  R26,R8
000109 d23a      	RCALL SUBOPT_0x2
00010a d1c3      	RCALL _lcd_putchar
                 ; 0000 0087    lcd_gotoxy(10,0);
00010b d25e      	RCALL SUBOPT_0x9
                 ; 0000 0088    lcd_putchar(chis[min1%10]);
00010c 2da8      	MOV  R26,R8
00010d d23d      	RCALL SUBOPT_0x3
00010e d1bf      	RCALL _lcd_putchar
                 ; 0000 0089    lcd_gotoxy(15,0);
00010f e0ef      	LDI  R30,LOW(15)
000110 d25e      	RCALL SUBOPT_0xA
                 ; 0000 008A    lcd_putchar(chis[menu%10]);
000111 2dad      	MOV  R26,R13
000112 d238      	RCALL SUBOPT_0x3
000113 d25f      	RCALL SUBOPT_0xB
                 ; 0000 008B    lcd_gotoxy(0,1);
                 ; 0000 008C    lcd_putsf(dday[ukd1]);
000114 2deb      	MOV  R30,R11
000115 d263      	RCALL SUBOPT_0xC
                 ; 0000 008D    lcd_gotoxy(10,1);
000116 e0ea      	LDI  R30,LOW(10)
000117 d26c      	RCALL SUBOPT_0xD
                 ; 0000 008E    if (clockon) lcd_putsf("ON");
000118 fe20      	SBRS R2,0
000119 c003      	RJMP _0x1F
                +
00011a e9ef     +LDI R30 , LOW ( 2 * _0x0 + ( 59 ) )
00011b e0f0     +LDI R31 , HIGH ( 2 * _0x0 + ( 59 ) )
                 	__POINTW1FN _0x0,59
00011c c002      	RJMP _0x6D
                 ; 0000 008F    else  lcd_putsf("OFF");
                 _0x1F:
                +
00011d eae2     +LDI R30 , LOW ( 2 * _0x0 + ( 62 ) )
00011e e0f0     +LDI R31 , HIGH ( 2 * _0x0 + ( 62 ) )
                 	__POINTW1FN _0x0,62
                 _0x6D:
00011f 93fa      	ST   -Y,R31
000120 93ea      	ST   -Y,R30
000121 d1d9      	RCALL _lcd_putsf
                 ; 0000 0090    lcd_gotoxy(15,1);
                 _0x2020004:
000122 e0ef      	LDI  R30,LOW(15)
000123 d260      	RCALL SUBOPT_0xD
                 ; 0000 0091    lcd_putchar(charge);
000124 92aa      	ST   -Y,R10
000125 d1a8      	RCALL _lcd_putchar
                 ; 0000 0092 }
000126 9508      	RET
                 
                 	.DSEG
                 _0x1E:
000164           	.BYTE 0x2
                 ;// вывод в режиме настройки будильника
                 ;interrupt [2] void customization(void)
                 ; 0000 0095 {
                 
                 	.CSEG
                 _customization:
000127 d260      	RCALL SUBOPT_0xE
                 ; 0000 0096     if (light)
000128 fe22      	SBRS R2,2
000129 c00d      	RJMP _0x21
                 ; 0000 0097     { light=0; timelight=sec+time_backlight;
00012a 94e8      	CLT
00012b f822      	BLD  R2,2
00012c 2de7      	MOV  R30,R7
00012d 5fe6      	SUBI R30,-LOW(10)
00012e 2ece      	MOV  R12,R30
                 ; 0000 0098       if (timelight>=60) timelight-=60;
00012f e3ec      	LDI  R30,LOW(60)
000130 16ce      	CP   R12,R30
000131 f020      	BRLO _0x22
000132 2dec      	MOV  R30,R12
000133 d262      	RCALL SUBOPT_0xF
000134 97fc      	SBIW R30,60
000135 2ece      	MOV  R12,R30
                 ; 0000 0099       goto m1; }
                 _0x22:
000136 c099      	RJMP _0x23
                 ; 0000 009A     else
                 _0x21:
                 ; 0000 009B     {
                 ; 0000 009C       if (on) { clockon=0; goto m1; }
000137 fe21      	SBRS R2,1
000138 c003      	RJMP _0x25
000139 94e8      	CLT
00013a f820      	BLD  R2,0
00013b c094      	RJMP _0x23
                 ; 0000 009D       #asm("cli")
                 _0x25:
00013c 94f8      	cli
                 ; 0000 009E       menu=0; menustart=1;
00013d 24dd      	CLR  R13
00013e 9468      	SET
00013f f823      	BLD  R2,3
                 ; 0000 009F       MCUCR=0b00000000;
000140 e0e0      	LDI  R30,LOW(0)
000141 bfe5      	OUT  0x35,R30
                 ; 0000 00A0       GICR=0b00000000;
000142 bfeb      	OUT  0x3B,R30
                 ; 0000 00A1       write();
000143 df8c      	RCALL _write
                 ; 0000 00A2       while(menu!=9)
                 _0x26:
000144 e0e9      	LDI  R30,LOW(9)
000145 15ed      	CP   R30,R13
000146 f409      	BRNE PC+2
000147 c088      	RJMP _0x28
                 ; 0000 00A3       {
                 ; 0000 00A4         while (PINB.1==PINB.2)
                 _0x29:
000148 e0a0      	LDI  R26,0
000149 99b1      	SBIC 0x16,1
00014a e0a1      	LDI  R26,1
00014b e0e0      	LDI  R30,0
00014c 99b2      	SBIC 0x16,2
00014d e0e1      	LDI  R30,1
00014e 17ea      	CP   R30,R26
00014f f4c9      	BRNE _0x2B
                 ; 0000 00A5         {
                 ; 0000 00A6           if (PIND.2==0)
000150 9982      	SBIC 0x10,2
000151 c016      	RJMP _0x2C
                 ; 0000 00A7            {
                 ; 0000 00A8             while (PIND.2==0) {}
                 _0x2D:
000152 9b82      	SBIS 0x10,2
000153 cffe      	RJMP _0x2D
                 ; 0000 00A9             menu++;
000154 94d3      	INC  R13
                 ; 0000 00AA             if (menu==2) #asm("sei")
000155 e0e2      	LDI  R30,LOW(2)
000156 15ed      	CP   R30,R13
000157 f409      	BRNE _0x30
000158 9478      	sei
                 ; 0000 00AB             if (menu==5) show=0;
                 _0x30:
000159 e0e5      	LDI  R30,LOW(5)
00015a 15ed      	CP   R30,R13
00015b f411      	BRNE _0x31
00015c 94e8      	CLT
00015d f824      	BLD  R2,4
                 ; 0000 00AC             if (menu<=4) write();
                 _0x31:
00015e e0e4      	LDI  R30,LOW(4)
00015f 15ed      	CP   R30,R13
000160 f010      	BRLO _0x32
000161 df6e      	RCALL _write
                 ; 0000 00AD             else write2();
000162 c001      	RJMP _0x33
                 _0x32:
000163 df97      	RCALL _write2
                 ; 0000 00AE             if (menu>=9) goto m1;
                 _0x33:
000164 e0e9      	LDI  R30,LOW(9)
000165 16de      	CP   R13,R30
000166 f008      	BRLO _0x34
000167 c068      	RJMP _0x23
                 ; 0000 00AF            }
                 _0x34:
                 ; 0000 00B0         }
                 _0x2C:
000168 cfdf      	RJMP _0x29
                 _0x2B:
                 ; 0000 00B1             switch (menu)
000169 2ded      	MOV  R30,R13
00016a d22b      	RCALL SUBOPT_0xF
                 ; 0000 00B2             {
                 ; 0000 00B3               case 1:
00016b 30e1      	CPI  R30,LOW(0x1)
00016c e0a0      	LDI  R26,HIGH(0x1)
00016d 07fa      	CPC  R31,R26
00016e f449      	BRNE _0x38
                 ; 0000 00B4                {
                 ; 0000 00B5                  sec=EncoderScan(sec);
00016f 927a      	ST   -Y,R7
000170 df41      	RCALL _EncoderScan
000171 2e7e      	MOV  R7,R30
                 ; 0000 00B6                  if (sec>=60) sec=0; write();
000172 e3ec      	LDI  R30,LOW(60)
000173 167e      	CP   R7,R30
000174 f008      	BRLO _0x39
000175 2477      	CLR  R7
                 _0x39:
000176 df59      	RCALL _write
                 ; 0000 00B7                  break;
000177 c057      	RJMP _0x37
                 ; 0000 00B8                }
                 ; 0000 00B9               case 2:
                 _0x38:
000178 30e2      	CPI  R30,LOW(0x2)
000179 e0a0      	LDI  R26,HIGH(0x2)
00017a 07fa      	CPC  R31,R26
00017b f449      	BRNE _0x3A
                 ; 0000 00BA                {
                 ; 0000 00BB                  min=EncoderScan(min);
00017c 924a      	ST   -Y,R4
00017d df34      	RCALL _EncoderScan
00017e 2e4e      	MOV  R4,R30
                 ; 0000 00BC                  if (min>=60) min=0; write();
00017f e3ec      	LDI  R30,LOW(60)
000180 164e      	CP   R4,R30
000181 f008      	BRLO _0x3B
000182 2444      	CLR  R4
                 _0x3B:
000183 df4c      	RCALL _write
                 ; 0000 00BD                  break;
000184 c04a      	RJMP _0x37
                 ; 0000 00BE                }
                 ; 0000 00BF               case 3:
                 _0x3A:
000185 30e3      	CPI  R30,LOW(0x3)
000186 e0a0      	LDI  R26,HIGH(0x3)
000187 07fa      	CPC  R31,R26
000188 f449      	BRNE _0x3C
                 ; 0000 00C0                {
                 ; 0000 00C1                  hour=EncoderScan(hour);
000189 925a      	ST   -Y,R5
00018a df27      	RCALL _EncoderScan
00018b 2e5e      	MOV  R5,R30
                 ; 0000 00C2                  if (hour>=24) hour=0; write();
00018c e1e8      	LDI  R30,LOW(24)
00018d 165e      	CP   R5,R30
00018e f008      	BRLO _0x3D
00018f 2455      	CLR  R5
                 _0x3D:
000190 df3f      	RCALL _write
                 ; 0000 00C3                  break;
000191 c03d      	RJMP _0x37
                 ; 0000 00C4                }
                 ; 0000 00C5               case 4:
                 _0x3C:
000192 30e4      	CPI  R30,LOW(0x4)
000193 e0a0      	LDI  R26,HIGH(0x4)
000194 07fa      	CPC  R31,R26
000195 f449      	BRNE _0x3E
                 ; 0000 00C6                {
                 ; 0000 00C7                  ukd=EncoderScan(ukd);
000196 926a      	ST   -Y,R6
000197 df1a      	RCALL _EncoderScan
000198 2e6e      	MOV  R6,R30
                 ; 0000 00C8                  if (ukd>=7) ukd=0; write();
000199 e0e7      	LDI  R30,LOW(7)
00019a 166e      	CP   R6,R30
00019b f008      	BRLO _0x3F
00019c 2466      	CLR  R6
                 _0x3F:
00019d df32      	RCALL _write
                 ; 0000 00C9                  break;
00019e c030      	RJMP _0x37
                 ; 0000 00CA                }
                 ; 0000 00CB               case 5:
                 _0x3E:
00019f 30e5      	CPI  R30,LOW(0x5)
0001a0 e0a0      	LDI  R26,HIGH(0x5)
0001a1 07fa      	CPC  R31,R26
0001a2 f441      	BRNE _0x40
                 ; 0000 00CC                {
                 ; 0000 00CD                  min1=EncoderScan(min1);
0001a3 928a      	ST   -Y,R8
0001a4 df0d      	RCALL _EncoderScan
0001a5 2e8e      	MOV  R8,R30
                 ; 0000 00CE                  if (min1>=60) min1=0; write2();
0001a6 e3ec      	LDI  R30,LOW(60)
0001a7 168e      	CP   R8,R30
0001a8 f008      	BRLO _0x41
0001a9 2488      	CLR  R8
                 _0x41:
0001aa c023      	RJMP _0x6E
                 ; 0000 00CF                  break;
                 ; 0000 00D0                }
                 ; 0000 00D1               case 6:
                 _0x40:
0001ab 30e6      	CPI  R30,LOW(0x6)
0001ac e0a0      	LDI  R26,HIGH(0x6)
0001ad 07fa      	CPC  R31,R26
0001ae f441      	BRNE _0x42
                 ; 0000 00D2                {
                 ; 0000 00D3                  hour1=EncoderScan(hour1);
0001af 929a      	ST   -Y,R9
0001b0 df01      	RCALL _EncoderScan
0001b1 2e9e      	MOV  R9,R30
                 ; 0000 00D4                  if (hour1>=24) hour1=0; write2();
0001b2 e1e8      	LDI  R30,LOW(24)
0001b3 169e      	CP   R9,R30
0001b4 f008      	BRLO _0x43
0001b5 2499      	CLR  R9
                 _0x43:
0001b6 c017      	RJMP _0x6E
                 ; 0000 00D5                  break;
                 ; 0000 00D6                }
                 ; 0000 00D7               case 7:
                 _0x42:
0001b7 30e7      	CPI  R30,LOW(0x7)
0001b8 e0a0      	LDI  R26,HIGH(0x7)
0001b9 07fa      	CPC  R31,R26
0001ba f441      	BRNE _0x44
                 ; 0000 00D8                {
                 ; 0000 00D9                  ukd1=EncoderScan(ukd1);
0001bb 92ba      	ST   -Y,R11
0001bc def5      	RCALL _EncoderScan
0001bd 2ebe      	MOV  R11,R30
                 ; 0000 00DA                  if (ukd1>=7) ukd1=0; write2();
0001be e0e7      	LDI  R30,LOW(7)
0001bf 16be      	CP   R11,R30
0001c0 f008      	BRLO _0x45
0001c1 24bb      	CLR  R11
                 _0x45:
0001c2 c00b      	RJMP _0x6E
                 ; 0000 00DB                  break;
                 ; 0000 00DC                }
                 ; 0000 00DD               case 8:
                 _0x44:
0001c3 30e8      	CPI  R30,LOW(0x8)
0001c4 e0a0      	LDI  R26,HIGH(0x8)
0001c5 07fa      	CPC  R31,R26
0001c6 f441      	BRNE _0x37
                 ; 0000 00DE                {
                 ; 0000 00DF                  clockon=EncoderScan(clockon);
0001c7 e0e0      	LDI  R30,0
0001c8 fc20      	SBRC R2,0
0001c9 e0e1      	LDI  R30,1
0001ca 93ea      	ST   -Y,R30
0001cb dee6      	RCALL _EncoderScan
0001cc d228      	RCALL __BSTB1
0001cd f820      	BLD  R2,0
                 ; 0000 00E0                  write2();
                 _0x6E:
0001ce df2c      	RCALL _write2
                 ; 0000 00E1                  break;
                 ; 0000 00E2                }
                 ; 0000 00E3             }
                 _0x37:
                 ; 0000 00E4 
                 ; 0000 00E5       }
0001cf cf74      	RJMP _0x26
                 _0x28:
                 ; 0000 00E6       }
                 ; 0000 00E7 m1:
                 _0x23:
                 ; 0000 00E8     #asm("sei")
0001d0 9478      	sei
                 ; 0000 00E9     MCUCR=0b00000010;
0001d1 d1c6      	RCALL SUBOPT_0x10
                 ; 0000 00EA     GICR=0b01000000;
                 ; 0000 00EB     menustart=0; show=1;
0001d2 94e8      	CLT
0001d3 f823      	BLD  R2,3
0001d4 9468      	SET
0001d5 f824      	BLD  R2,4
                 ; 0000 00EC }
0001d6 c023      	RJMP _0x71
                 ;// обработка настройки времени и будильника
                 ;
                 ;interrupt [7] void time(void)
                 ; 0000 00F0 {
                 _time:
0001d7 d1b0      	RCALL SUBOPT_0xE
                 ; 0000 00F1       sec++;
0001d8 9473      	INC  R7
                 ; 0000 00F2       if(sec==60) {min++; sec=0;}
0001d9 e3ec      	LDI  R30,LOW(60)
0001da 15e7      	CP   R30,R7
0001db f411      	BRNE _0x47
0001dc 9443      	INC  R4
0001dd 2477      	CLR  R7
                 ; 0000 00F3       if (min==60) {hour++; min=0;}
                 _0x47:
0001de e3ec      	LDI  R30,LOW(60)
0001df 15e4      	CP   R30,R4
0001e0 f411      	BRNE _0x48
0001e1 9453      	INC  R5
0001e2 2444      	CLR  R4
                 ; 0000 00F4       if (hour==24) {ukd++; hour=0;}
                 _0x48:
0001e3 e1e8      	LDI  R30,LOW(24)
0001e4 15e5      	CP   R30,R5
0001e5 f411      	BRNE _0x49
0001e6 9463      	INC  R6
0001e7 2455      	CLR  R5
                 ; 0000 00F5       if (ukd==7) ukd=0;
                 _0x49:
0001e8 e0e7      	LDI  R30,LOW(7)
0001e9 15e6      	CP   R30,R6
0001ea f409      	BRNE _0x4A
0001eb 2466      	CLR  R6
                 ; 0000 00F6       if (on)
                 _0x4A:
0001ec fe21      	SBRS R2,1
0001ed c008      	RJMP _0x4B
                 ; 0000 00F7       {
                 ; 0000 00F8         if (TCCR2==0b00000000) TCCR2=0b00011111;
0001ee b5e5      	IN   R30,0x25
0001ef 30e0      	CPI  R30,0
0001f0 f411      	BRNE _0x4C
0001f1 e1ef      	LDI  R30,LOW(31)
0001f2 c001      	RJMP _0x6F
                 ; 0000 00F9         else TCCR2=0b00000000;
                 _0x4C:
0001f3 e0e0      	LDI  R30,LOW(0)
                 _0x6F:
0001f4 bde5      	OUT  0x25,R30
                 ; 0000 00FA       }
                 ; 0000 00FB       else TCCR2=0b00000000;
0001f5 c002      	RJMP _0x4E
                 _0x4B:
0001f6 e0e0      	LDI  R30,LOW(0)
0001f7 bde5      	OUT  0x25,R30
                 ; 0000 00FC       if (show) write();
                 _0x4E:
0001f8 fc24      	SBRC R2,4
0001f9 ded6      	RCALL _write
                 ; 0000 00FD }
                 _0x71:
0001fa 91e9      	LD   R30,Y+
0001fb bfef      	OUT  SREG,R30
0001fc 91f9      	LD   R31,Y+
0001fd 91e9      	LD   R30,Y+
0001fe 91b9      	LD   R27,Y+
0001ff 91a9      	LD   R26,Y+
000200 9199      	LD   R25,Y+
000201 9189      	LD   R24,Y+
000202 9179      	LD   R23,Y+
000203 9169      	LD   R22,Y+
000204 90f9      	LD   R15,Y+
000205 9019      	LD   R1,Y+
000206 9009      	LD   R0,Y+
000207 9518      	RETI
                 ;// прерывание часов
                 ;void main(void)
                 ; 0000 0100 {
                 _main:
                 ; 0000 0101 
                 ; 0000 0102 PORTB=0b00000001;
000208 e0e1      	LDI  R30,LOW(1)
000209 bbe8      	OUT  0x18,R30
                 ; 0000 0103 DDRB=0b00001001;
00020a e0e9      	LDI  R30,LOW(9)
00020b bbe7      	OUT  0x17,R30
                 ; 0000 0104 
                 ; 0000 0105 PORTC=0x00;
00020c e0e0      	LDI  R30,LOW(0)
00020d bbe5      	OUT  0x15,R30
                 ; 0000 0106 DDRC=0x00;
00020e bbe4      	OUT  0x14,R30
                 ; 0000 0107 
                 ; 0000 0108 PORTD=0x00;
00020f bbe2      	OUT  0x12,R30
                 ; 0000 0109 DDRD=0x00;
000210 bbe1      	OUT  0x11,R30
                 ; 0000 010A 
                 ; 0000 010B //TCCR0=0b00000101;     //3906 Hz
                 ; 0000 010C 
                 ; 0000 010D TCCR1A=0b00000000;
000211 bdef      	OUT  0x2F,R30
                 ; 0000 010E TCCR1B=0b00001100;  //15625 Hz
000212 e0ec      	LDI  R30,LOW(12)
000213 bdee      	OUT  0x2E,R30
                 ; 0000 010F TIMSK=0b00010000;
000214 e1e0      	LDI  R30,LOW(16)
000215 bfe9      	OUT  0x39,R30
                 ; 0000 0110 OCR1A=15623;
000216 e0e7      	LDI  R30,LOW(15623)
000217 e3fd      	LDI  R31,HIGH(15623)
000218 bdfb      	OUT  0x2A+1,R31
000219 bdea      	OUT  0x2A,R30
                 ; 0000 0111 
                 ; 0000 0112 TCCR2=0b00000000;
00021a e0e0      	LDI  R30,LOW(0)
00021b bde5      	OUT  0x25,R30
                 ; 0000 0113 OCR2=8;
00021c e0e8      	LDI  R30,LOW(8)
00021d bde3      	OUT  0x23,R30
                 ; 0000 0114 
                 ; 0000 0115 MCUCR=0b00000010;      //power-save mod 1011
00021e d179      	RCALL SUBOPT_0x10
                 ; 0000 0116 GICR=0b01000000;
                 ; 0000 0117 
                 ; 0000 0118 ACSR=0x80;
00021f e8e0      	LDI  R30,LOW(128)
000220 b9e8      	OUT  0x8,R30
                 ; 0000 0119 
                 ; 0000 011A ADCSRA=0b00000101;  // /32, режим однократных измерений
000221 e0e5      	LDI  R30,LOW(5)
000222 b9e6      	OUT  0x6,R30
                 ; 0000 011B ADMUX=0b01100101; //ADC5, старшие биты в ADCH, опорное - AVCC, C на AREF и GND
000223 e6e5      	LDI  R30,LOW(101)
000224 b9e7      	OUT  0x7,R30
                 ; 0000 011C 
                 ; 0000 011D lcd_init(16);
000225 e1e0      	LDI  R30,LOW(16)
000226 93ea      	ST   -Y,R30
000227 d0e4      	RCALL _lcd_init
                 ; 0000 011E define_char(char0,0);
000228 e3e0      	LDI  R30,LOW(_char0*2)
000229 e0f0      	LDI  R31,HIGH(_char0*2)
00022a d172      	RCALL SUBOPT_0x11
00022b e0e0      	LDI  R30,LOW(0)
00022c 93ea      	ST   -Y,R30
00022d de6b      	RCALL _define_char
                 ; 0000 011F define_char(char1,1);
00022e e3e8      	LDI  R30,LOW(_char1*2)
00022f e0f0      	LDI  R31,HIGH(_char1*2)
000230 d16c      	RCALL SUBOPT_0x11
000231 e0e1      	LDI  R30,LOW(1)
000232 93ea      	ST   -Y,R30
000233 de65      	RCALL _define_char
                 ; 0000 0120 define_char(char2,2);
000234 e4e0      	LDI  R30,LOW(_char2*2)
000235 e0f0      	LDI  R31,HIGH(_char2*2)
000236 d166      	RCALL SUBOPT_0x11
000237 e0e2      	LDI  R30,LOW(2)
000238 93ea      	ST   -Y,R30
000239 de5f      	RCALL _define_char
                 ; 0000 0121 #asm ("sei")
00023a 9478      	sei
                 ; 0000 0122 
                 ; 0000 0123 while (1)
                 _0x50:
                 ; 0000 0124       {
                 ; 0000 0125         //write();      //PORTB.0 - подсветка
                 ; 0000 0126         if ((!light) && (sec!=timelight))  PORTB.0=0;
00023b fc22      	SBRC R2,2
00023c c002      	RJMP _0x54
00023d 14c7      	CP   R12,R7
00023e f409      	BRNE _0x55
                 _0x54:
00023f c002      	RJMP _0x53
                 _0x55:
000240 98c0      	CBI  0x18,0
                 ; 0000 0127         else { PORTB.0=1; light=1;}
000241 c003      	RJMP _0x58
                 _0x53:
000242 9ac0      	SBI  0x18,0
000243 9468      	SET
000244 f822      	BLD  R2,2
                 _0x58:
                 ; 0000 0128         if ((clockon==1) && (ukd1==ukd) && (hour1==hour) && (min1==min)) on=1;
000245 fe20      	SBRS R2,0
000246 c006      	RJMP _0x5C
000247 146b      	CP   R6,R11
000248 f421      	BRNE _0x5C
000249 1459      	CP   R5,R9
00024a f411      	BRNE _0x5C
00024b 1448      	CP   R4,R8
00024c f009      	BREQ _0x5D
                 _0x5C:
00024d c002      	RJMP _0x5B
                 _0x5D:
00024e 9468      	SET
00024f c001      	RJMP _0x70
                 ; 0000 0129         else on=0;
                 _0x5B:
000250 94e8      	CLT
                 _0x70:
000251 f821      	BLD  R2,1
                 ; 0000 012A         if (sec%20==1) { ADCSRA.7=1; ADCSRA.6=1; }
000252 2da7      	MOV  R26,R7
000253 27bb      	CLR  R27
000254 e1e4      	LDI  R30,LOW(20)
000255 e0f0      	LDI  R31,HIGH(20)
000256 d17e      	RCALL __MODW21
000257 30e1      	CPI  R30,LOW(0x1)
000258 e0a0      	LDI  R26,HIGH(0x1)
000259 07fa      	CPC  R31,R26
00025a f411      	BRNE _0x5F
00025b 9a37      	SBI  0x6,7
00025c 9a36      	SBI  0x6,6
                 ; 0000 012B         if (ADCSRA.4==1)
                 _0x5F:
00025d 9b34      	SBIS 0x6,4
00025e c019      	RJMP _0x64
                 ; 0000 012C          {
                 ; 0000 012D             if (ADCH<=183) { charge=0; on=1;} // U<3,49  (173)
00025f b1e5      	IN   R30,0x5
000260 3be8      	CPI  R30,LOW(0xB8)
000261 f418      	BRSH _0x65
000262 24aa      	CLR  R10
000263 9468      	SET
000264 f821      	BLD  R2,1
                 ; 0000 012E             if ((ADCH>183) && (ADCH<210)) { charge=1; on=0; }  // 3,49<U<4,05
                 _0x65:
000265 b1e5      	IN   R30,0x5
000266 3be8      	CPI  R30,LOW(0xB8)
000267 f018      	BRLO _0x67
000268 b1e5      	IN   R30,0x5
000269 3de2      	CPI  R30,LOW(0xD2)
00026a f008      	BRLO _0x68
                 _0x67:
00026b c004      	RJMP _0x66
                 _0x68:
00026c e0e1      	LDI  R30,LOW(1)
00026d 2eae      	MOV  R10,R30
00026e 94e8      	CLT
00026f f821      	BLD  R2,1
                 ; 0000 012F             if (ADCH>=210) {charge=2; on=0;}  // U>4,05         (200)
                 _0x66:
000270 b1e5      	IN   R30,0x5
000271 3de2      	CPI  R30,LOW(0xD2)
000272 f020      	BRLO _0x69
000273 e0e2      	LDI  R30,LOW(2)
000274 2eae      	MOV  R10,R30
000275 94e8      	CLT
000276 f821      	BLD  R2,1
                 ; 0000 0130             ADCSRA.7=0;
                 _0x69:
000277 9837      	CBI  0x6,7
                 ; 0000 0131          }
                 ; 0000 0132       }
                 _0x64:
000278 cfc2      	RJMP _0x50
                 ; 0000 0133 }
                 _0x6C:
000279 cfff      	RJMP _0x6C
                 	#ifndef __SLEEP_DEFINED__
                 	#endif
                 
                 	.DSEG
                 
                 	.CSEG
                 __lcd_write_nibble_G100:
00027a 81e8      	LD   R30,Y
00027b 71e0      	ANDI R30,LOW(0x10)
00027c f011      	BREQ _0x2000004
00027d 9aab      	SBI  0x15,3
00027e c001      	RJMP _0x2000005
                 _0x2000004:
00027f 98ab      	CBI  0x15,3
                 _0x2000005:
000280 81e8      	LD   R30,Y
000281 72e0      	ANDI R30,LOW(0x20)
000282 f011      	BREQ _0x2000006
000283 9aaa      	SBI  0x15,2
000284 c001      	RJMP _0x2000007
                 _0x2000006:
000285 98aa      	CBI  0x15,2
                 _0x2000007:
000286 81e8      	LD   R30,Y
000287 74e0      	ANDI R30,LOW(0x40)
000288 f011      	BREQ _0x2000008
000289 9aa9      	SBI  0x15,1
00028a c001      	RJMP _0x2000009
                 _0x2000008:
00028b 98a9      	CBI  0x15,1
                 _0x2000009:
00028c 81e8      	LD   R30,Y
00028d 78e0      	ANDI R30,LOW(0x80)
00028e f011      	BREQ _0x200000A
00028f 9aa8      	SBI  0x15,0
000290 c001      	RJMP _0x200000B
                 _0x200000A:
000291 98a8      	CBI  0x15,0
                 _0x200000B:
                +
000292 e083     +LDI R24 , LOW ( 3 )
                +__DELAY_USB_LOOP :
000293 958a     +DEC R24
000294 f7f1     +BRNE __DELAY_USB_LOOP
                 	__DELAY_USB 3
000295 9aac      	SBI  0x15,4
                +
000296 e087     +LDI R24 , LOW ( 7 )
                +__DELAY_USB_LOOP :
000297 958a     +DEC R24
000298 f7f1     +BRNE __DELAY_USB_LOOP
                 	__DELAY_USB 7
000299 98ac      	CBI  0x15,4
                +
00029a e087     +LDI R24 , LOW ( 7 )
                +__DELAY_USB_LOOP :
00029b 958a     +DEC R24
00029c f7f1     +BRNE __DELAY_USB_LOOP
                 	__DELAY_USB 7
00029d c09b      	RJMP _0x2020001
                 __lcd_write_data:
00029e 81e8      	LD   R30,Y
00029f d100      	RCALL SUBOPT_0x12
0002a0 81e8          ld    r30,y
0002a1 95e2          swap  r30
0002a2 83e8          st    y,r30
0002a3 81e8      	LD   R30,Y
0002a4 d0fb      	RCALL SUBOPT_0x12
                +
0002a5 e483     +LDI R24 , LOW ( 67 )
                +__DELAY_USB_LOOP :
0002a6 958a     +DEC R24
0002a7 f7f1     +BRNE __DELAY_USB_LOOP
                 	__DELAY_USB 67
0002a8 c090      	RJMP _0x2020001
                 _lcd_write_byte:
0002a9 81e9      	LDD  R30,Y+1
0002aa d0f7      	RCALL SUBOPT_0x13
0002ab 9a90      	SBI  0x12,0
0002ac 81e8      	LD   R30,Y
0002ad d0f4      	RCALL SUBOPT_0x13
0002ae 9890      	CBI  0x12,0
0002af c00e      	RJMP _0x2020003
                 _lcd_gotoxy:
0002b0 81e8      	LD   R30,Y
0002b1 d0e4      	RCALL SUBOPT_0xF
0002b2 58ec      	SUBI R30,LOW(-__base_y_G100)
0002b3 4ffe      	SBCI R31,HIGH(-__base_y_G100)
0002b4 81e0      	LD   R30,Z
0002b5 81a9      	LDD  R26,Y+1
0002b6 0fea      	ADD  R30,R26
0002b7 d0ea      	RCALL SUBOPT_0x13
0002b8 81e9      	LDD  R30,Y+1
0002b9 93e0 0178 	STS  __lcd_x,R30
0002bb 81e8      	LD   R30,Y
0002bc 93e0 0179 	STS  __lcd_y,R30
                 _0x2020003:
0002be 9622      	ADIW R28,2
0002bf 9508      	RET
                 _lcd_clear:
0002c0 e0e2      	LDI  R30,LOW(2)
0002c1 d0e0      	RCALL SUBOPT_0x13
0002c2 d0e1      	RCALL SUBOPT_0x14
0002c3 e0ec      	LDI  R30,LOW(12)
0002c4 d0dd      	RCALL SUBOPT_0x13
0002c5 e0e1      	LDI  R30,LOW(1)
0002c6 d0db      	RCALL SUBOPT_0x13
0002c7 d0dc      	RCALL SUBOPT_0x14
0002c8 e0e0      	LDI  R30,LOW(0)
0002c9 93e0 0179 	STS  __lcd_y,R30
0002cb 93e0 0178 	STS  __lcd_x,R30
0002cd 9508      	RET
                 _lcd_putchar:
0002ce 81a8      	LD   R26,Y
0002cf 30aa      	CPI  R26,LOW(0xA)
0002d0 f031      	BREQ _0x2000011
0002d1 91e0 017a 	LDS  R30,__lcd_maxx
0002d3 91a0 0178 	LDS  R26,__lcd_x
0002d5 17ae      	CP   R26,R30
0002d6 f068      	BRLO _0x2000010
                 _0x2000011:
0002d7 e0e0      	LDI  R30,LOW(0)
0002d8 93ea      	ST   -Y,R30
0002d9 91e0 0179 	LDS  R30,__lcd_y
0002db 5fef      	SUBI R30,-LOW(1)
0002dc 93e0 0179 	STS  __lcd_y,R30
0002de 93ea      	ST   -Y,R30
0002df dfd0      	RCALL _lcd_gotoxy
0002e0 81a8      	LD   R26,Y
0002e1 30aa      	CPI  R26,LOW(0xA)
0002e2 f409      	BRNE _0x2000013
0002e3 c055      	RJMP _0x2020001
                 _0x2000013:
                 _0x2000010:
0002e4 91e0 0178 	LDS  R30,__lcd_x
0002e6 5fef      	SUBI R30,-LOW(1)
0002e7 93e0 0178 	STS  __lcd_x,R30
0002e9 9a90      	SBI  0x12,0
0002ea 81e8      	LD   R30,Y
0002eb d0b6      	RCALL SUBOPT_0x13
0002ec 9890      	CBI  0x12,0
0002ed c04b      	RJMP _0x2020001
                 _lcd_puts:
0002ee 931a      	ST   -Y,R17
                 _0x2000014:
0002ef 81a9      	LDD  R26,Y+1
0002f0 81ba      	LDD  R27,Y+1+1
0002f1 91ed      	LD   R30,X+
0002f2 83a9      	STD  Y+1,R26
0002f3 83ba      	STD  Y+1+1,R27
0002f4 2f1e      	MOV  R17,R30
0002f5 30e0      	CPI  R30,0
0002f6 f019      	BREQ _0x2000016
0002f7 931a      	ST   -Y,R17
0002f8 dfd5      	RCALL _lcd_putchar
0002f9 cff5      	RJMP _0x2000014
                 _0x2000016:
0002fa c00e      	RJMP _0x2020002
                 _lcd_putsf:
0002fb 931a      	ST   -Y,R17
                 _0x2000017:
0002fc 81e9      	LDD  R30,Y+1
0002fd 81fa      	LDD  R31,Y+1+1
0002fe 9631      	ADIW R30,1
0002ff 83e9      	STD  Y+1,R30
000300 83fa      	STD  Y+1+1,R31
000301 9731      	SBIW R30,1
000302 91e4      	LPM  R30,Z
000303 2f1e      	MOV  R17,R30
000304 30e0      	CPI  R30,0
000305 f019      	BREQ _0x2000019
000306 931a      	ST   -Y,R17
000307 dfc6      	RCALL _lcd_putchar
000308 cff3      	RJMP _0x2000017
                 _0x2000019:
                 _0x2020002:
000309 8118      	LDD  R17,Y+0
00030a 9623      	ADIW R28,3
00030b 9508      	RET
                 _lcd_init:
00030c 9aa3      	SBI  0x14,3
00030d 9aa2      	SBI  0x14,2
00030e 9aa1      	SBI  0x14,1
00030f 9aa0      	SBI  0x14,0
000310 9aa4      	SBI  0x14,4
000311 9a88      	SBI  0x11,0
000312 9a89      	SBI  0x11,1
000313 98ac      	CBI  0x15,4
000314 9890      	CBI  0x12,0
000315 9891      	CBI  0x12,1
000316 81e8      	LD   R30,Y
000317 93e0 017a 	STS  __lcd_maxx,R30
000319 58e0      	SUBI R30,-LOW(128)
                +
00031a 93e0 0176+STS __base_y_G100 + ( 2 ) , R30
                 	__PUTB1MN __base_y_G100,2
00031c 81e8      	LD   R30,Y
00031d 54e0      	SUBI R30,-LOW(192)
                +
00031e 93e0 0177+STS __base_y_G100 + ( 3 ) , R30
                 	__PUTB1MN __base_y_G100,3
000320 e1e4      	LDI  R30,LOW(20)
000321 e0f0      	LDI  R31,HIGH(20)
000322 d07a      	RCALL SUBOPT_0x11
000323 d089      	RCALL _delay_ms
000324 e3e0      	LDI  R30,LOW(48)
000325 d07a      	RCALL SUBOPT_0x12
000326 d081      	RCALL SUBOPT_0x15
000327 d080      	RCALL SUBOPT_0x15
                +
000328 e885     +LDI R24 , LOW ( 133 )
                +__DELAY_USB_LOOP :
000329 958a     +DEC R24
00032a f7f1     +BRNE __DELAY_USB_LOOP
                 	__DELAY_USB 133
00032b e2e0      	LDI  R30,LOW(32)
00032c d073      	RCALL SUBOPT_0x12
                +
00032d e885     +LDI R24 , LOW ( 133 )
                +__DELAY_USB_LOOP :
00032e 958a     +DEC R24
00032f f7f1     +BRNE __DELAY_USB_LOOP
                 	__DELAY_USB 133
000330 e2e8      	LDI  R30,LOW(40)
000331 d070      	RCALL SUBOPT_0x13
000332 e0e4      	LDI  R30,LOW(4)
000333 d06e      	RCALL SUBOPT_0x13
000334 e8e5      	LDI  R30,LOW(133)
000335 d06c      	RCALL SUBOPT_0x13
000336 e0e6      	LDI  R30,LOW(6)
000337 d06a      	RCALL SUBOPT_0x13
000338 df87      	RCALL _lcd_clear
                 _0x2020001:
000339 9621      	ADIW R28,1
00033a 9508      	RET
                 
                 	.DSEG
                 _dday:
000166           	.BYTE 0xE
                 __base_y_G100:
000174           	.BYTE 0x4
                 __lcd_x:
000178           	.BYTE 0x1
                 __lcd_y:
000179           	.BYTE 0x1
                 __lcd_maxx:
00017a           	.BYTE 0x1
                 
                 	.CSEG
                 ;OPTIMIZER ADDED SUBROUTINE, CALLED 13 TIMES, CODE SIZE REDUCTION:10 WORDS
                 SUBOPT_0x0:
00033b 91e4      	LPM  R30,Z
00033c 93ea      	ST   -Y,R30
00033d 9508      	RET
                 
                 ;OPTIMIZER ADDED SUBROUTINE, CALLED 2 TIMES, CODE SIZE REDUCTION:2 WORDS
                 SUBOPT_0x1:
00033e 93ea      	ST   -Y,R30
00033f e0e0      	LDI  R30,LOW(0)
000340 93ea      	ST   -Y,R30
000341 df6e      	RCALL _lcd_gotoxy
000342 2da5      	MOV  R26,R5
000343 9508      	RET
                 
                 ;OPTIMIZER ADDED SUBROUTINE, CALLED 5 TIMES, CODE SIZE REDUCTION:30 WORDS
                 SUBOPT_0x2:
000344 e0b0      	LDI  R27,0
000345 e0ea      	LDI  R30,LOW(10)
000346 e0f0      	LDI  R31,HIGH(10)
000347 d088      	RCALL __DIVW21
000348 5dea      	SUBI R30,LOW(-_chis*2)
000349 4fff      	SBCI R31,HIGH(-_chis*2)
00034a cff0      	RJMP SUBOPT_0x0
                 
                 ;OPTIMIZER ADDED SUBROUTINE, CALLED 7 TIMES, CODE SIZE REDUCTION:34 WORDS
                 SUBOPT_0x3:
00034b 27bb      	CLR  R27
00034c e0ea      	LDI  R30,LOW(10)
00034d e0f0      	LDI  R31,HIGH(10)
00034e d086      	RCALL __MODW21
00034f 5dea      	SUBI R30,LOW(-_chis*2)
000350 4fff      	SBCI R31,HIGH(-_chis*2)
000351 cfe9      	RJMP SUBOPT_0x0
                 
                 ;OPTIMIZER ADDED SUBROUTINE, CALLED 2 TIMES, CODE SIZE REDUCTION:2 WORDS
                 SUBOPT_0x4:
000352 e0e6      	LDI  R30,LOW(6)
000353 93ea      	ST   -Y,R30
000354 e0e0      	LDI  R30,LOW(0)
000355 93ea      	ST   -Y,R30
000356 cf59      	RJMP _lcd_gotoxy
                 
                 ;OPTIMIZER ADDED SUBROUTINE, CALLED 3 TIMES, CODE SIZE REDUCTION:2 WORDS
                 SUBOPT_0x5:
000357 93fa      	ST   -Y,R31
000358 93ea      	ST   -Y,R30
000359 cf94      	RJMP _lcd_puts
                 
                 ;OPTIMIZER ADDED SUBROUTINE, CALLED 2 TIMES, CODE SIZE REDUCTION:2 WORDS
                 SUBOPT_0x6:
00035a e0e7      	LDI  R30,LOW(7)
00035b 93ea      	ST   -Y,R30
00035c e0e0      	LDI  R30,LOW(0)
00035d 93ea      	ST   -Y,R30
00035e cf51      	RJMP _lcd_gotoxy
                 
                 ;OPTIMIZER ADDED SUBROUTINE, CALLED 2 TIMES, CODE SIZE REDUCTION:3 WORDS
                 SUBOPT_0x7:
00035f df6e      	RCALL _lcd_putchar
000360 e0e8      	LDI  R30,LOW(8)
000361 93ea      	ST   -Y,R30
000362 e0e0      	LDI  R30,LOW(0)
000363 93ea      	ST   -Y,R30
000364 cf4b      	RJMP _lcd_gotoxy
                 
                 ;OPTIMIZER ADDED SUBROUTINE, CALLED 2 TIMES, CODE SIZE REDUCTION:2 WORDS
                 SUBOPT_0x8:
000365 e0e9      	LDI  R30,LOW(9)
000366 93ea      	ST   -Y,R30
000367 e0e0      	LDI  R30,LOW(0)
000368 93ea      	ST   -Y,R30
000369 cf46      	RJMP _lcd_gotoxy
                 
                 ;OPTIMIZER ADDED SUBROUTINE, CALLED 2 TIMES, CODE SIZE REDUCTION:2 WORDS
                 SUBOPT_0x9:
00036a e0ea      	LDI  R30,LOW(10)
00036b 93ea      	ST   -Y,R30
00036c e0e0      	LDI  R30,LOW(0)
00036d 93ea      	ST   -Y,R30
00036e cf41      	RJMP _lcd_gotoxy
                 
                 ;OPTIMIZER ADDED SUBROUTINE, CALLED 3 TIMES, CODE SIZE REDUCTION:4 WORDS
                 SUBOPT_0xA:
00036f 93ea      	ST   -Y,R30
000370 e0e0      	LDI  R30,LOW(0)
000371 93ea      	ST   -Y,R30
000372 cf3d      	RJMP _lcd_gotoxy
                 
                 ;OPTIMIZER ADDED SUBROUTINE, CALLED 2 TIMES, CODE SIZE REDUCTION:3 WORDS
                 SUBOPT_0xB:
000373 df5a      	RCALL _lcd_putchar
000374 e0e0      	LDI  R30,LOW(0)
000375 93ea      	ST   -Y,R30
000376 e0e1      	LDI  R30,LOW(1)
000377 93ea      	ST   -Y,R30
000378 cf37      	RJMP _lcd_gotoxy
                 
                 ;OPTIMIZER ADDED SUBROUTINE, CALLED 2 TIMES, CODE SIZE REDUCTION:10 WORDS
                 SUBOPT_0xC:
000379 e6a6      	LDI  R26,LOW(_dday)
00037a e0b1      	LDI  R27,HIGH(_dday)
00037b e0f0      	LDI  R31,0
00037c 0fee      	LSL  R30
00037d 1fff      	ROL  R31
00037e 0fae      	ADD  R26,R30
00037f 1fbf      	ADC  R27,R31
000380 d070      	RCALL __GETW1P
000381 93fa      	ST   -Y,R31
000382 93ea      	ST   -Y,R30
000383 cf77      	RJMP _lcd_putsf
                 
                 ;OPTIMIZER ADDED SUBROUTINE, CALLED 2 TIMES, CODE SIZE REDUCTION:1 WORDS
                 SUBOPT_0xD:
000384 93ea      	ST   -Y,R30
000385 e0e1      	LDI  R30,LOW(1)
000386 93ea      	ST   -Y,R30
000387 cf28      	RJMP _lcd_gotoxy
                 
                 ;OPTIMIZER ADDED SUBROUTINE, CALLED 2 TIMES, CODE SIZE REDUCTION:10 WORDS
                 SUBOPT_0xE:
000388 920a      	ST   -Y,R0
000389 921a      	ST   -Y,R1
00038a 92fa      	ST   -Y,R15
00038b 936a      	ST   -Y,R22
00038c 937a      	ST   -Y,R23
00038d 938a      	ST   -Y,R24
00038e 939a      	ST   -Y,R25
00038f 93aa      	ST   -Y,R26
000390 93ba      	ST   -Y,R27
000391 93ea      	ST   -Y,R30
000392 93fa      	ST   -Y,R31
000393 b7ef      	IN   R30,SREG
000394 93ea      	ST   -Y,R30
000395 9508      	RET
                 
                 ;OPTIMIZER ADDED SUBROUTINE, CALLED 3 TIMES, CODE SIZE REDUCTION:2 WORDS
                 SUBOPT_0xF:
000396 e0f0      	LDI  R31,0
000397 9508      	RET
                 
                 ;OPTIMIZER ADDED SUBROUTINE, CALLED 2 TIMES, CODE SIZE REDUCTION:1 WORDS
                 SUBOPT_0x10:
000398 e0e2      	LDI  R30,LOW(2)
000399 bfe5      	OUT  0x35,R30
00039a e4e0      	LDI  R30,LOW(64)
00039b bfeb      	OUT  0x3B,R30
00039c 9508      	RET
                 
                 ;OPTIMIZER ADDED SUBROUTINE, CALLED 6 TIMES, CODE SIZE REDUCTION:3 WORDS
                 SUBOPT_0x11:
00039d 93fa      	ST   -Y,R31
00039e 93ea      	ST   -Y,R30
00039f 9508      	RET
                 
                 ;OPTIMIZER ADDED SUBROUTINE, CALLED 6 TIMES, CODE SIZE REDUCTION:3 WORDS
                 SUBOPT_0x12:
0003a0 93ea      	ST   -Y,R30
0003a1 ced8      	RJMP __lcd_write_nibble_G100
                 
                 ;OPTIMIZER ADDED SUBROUTINE, CALLED 11 TIMES, CODE SIZE REDUCTION:8 WORDS
                 SUBOPT_0x13:
0003a2 93ea      	ST   -Y,R30
0003a3 cefa      	RJMP __lcd_write_data
                 
                 ;OPTIMIZER ADDED SUBROUTINE, CALLED 2 TIMES, CODE SIZE REDUCTION:1 WORDS
                 SUBOPT_0x14:
0003a4 e0e3      	LDI  R30,LOW(3)
0003a5 e0f0      	LDI  R31,HIGH(3)
0003a6 dff6      	RCALL SUBOPT_0x11
0003a7 c005      	RJMP _delay_ms
                 
                 ;OPTIMIZER ADDED SUBROUTINE, CALLED 2 TIMES, CODE SIZE REDUCTION:2 WORDS
                 SUBOPT_0x15:
                +
0003a8 e885     +LDI R24 , LOW ( 133 )
                +__DELAY_USB_LOOP :
0003a9 958a     +DEC R24
0003aa f7f1     +BRNE __DELAY_USB_LOOP
                 	__DELAY_USB 133
0003ab e3e0      	LDI  R30,LOW(48)
0003ac cff3      	RJMP SUBOPT_0x12
                 
                 
                 	.CSEG
                 _delay_ms:
0003ad 91e9      	ld   r30,y+
0003ae 91f9      	ld   r31,y+
0003af 9630      	adiw r30,0
0003b0 f039      	breq __delay_ms1
                 __delay_ms0:
                +
0003b1 ee88     +LDI R24 , LOW ( 0x3E8 )
0003b2 e093     +LDI R25 , HIGH ( 0x3E8 )
                +__DELAY_USW_LOOP :
0003b3 9701     +SBIW R24 , 1
0003b4 f7f1     +BRNE __DELAY_USW_LOOP
                 	__DELAY_USW 0x3E8
0003b5 95a8      	wdr
0003b6 9731      	sbiw r30,1
0003b7 f7c9      	brne __delay_ms0
                 __delay_ms1:
0003b8 9508      	ret
                 
                 __ANEGW1:
0003b9 95f1      	NEG  R31
0003ba 95e1      	NEG  R30
0003bb 40f0      	SBCI R31,0
0003bc 9508      	RET
                 
                 __DIVW21U:
0003bd 2400      	CLR  R0
0003be 2411      	CLR  R1
0003bf e190      	LDI  R25,16
                 __DIVW21U1:
0003c0 0faa      	LSL  R26
0003c1 1fbb      	ROL  R27
0003c2 1c00      	ROL  R0
0003c3 1c11      	ROL  R1
0003c4 1a0e      	SUB  R0,R30
0003c5 0a1f      	SBC  R1,R31
0003c6 f418      	BRCC __DIVW21U2
0003c7 0e0e      	ADD  R0,R30
0003c8 1e1f      	ADC  R1,R31
0003c9 c001      	RJMP __DIVW21U3
                 __DIVW21U2:
0003ca 60a1      	SBR  R26,1
                 __DIVW21U3:
0003cb 959a      	DEC  R25
0003cc f799      	BRNE __DIVW21U1
0003cd 01fd      	MOVW R30,R26
0003ce 01d0      	MOVW R26,R0
0003cf 9508      	RET
                 
                 __DIVW21:
0003d0 d012      	RCALL __CHKSIGNW
0003d1 dfeb      	RCALL __DIVW21U
0003d2 f40e      	BRTC __DIVW211
0003d3 dfe5      	RCALL __ANEGW1
                 __DIVW211:
0003d4 9508      	RET
                 
                 __MODW21:
0003d5 94e8      	CLT
0003d6 ffb7      	SBRS R27,7
0003d7 c004      	RJMP __MODW211
0003d8 95a0      	COM  R26
0003d9 95b0      	COM  R27
0003da 9611      	ADIW R26,1
0003db 9468      	SET
                 __MODW211:
0003dc fdf7      	SBRC R31,7
0003dd dfdb      	RCALL __ANEGW1
0003de dfde      	RCALL __DIVW21U
0003df 01fd      	MOVW R30,R26
0003e0 f40e      	BRTC __MODW212
0003e1 dfd7      	RCALL __ANEGW1
                 __MODW212:
0003e2 9508      	RET
                 
                 __CHKSIGNW:
0003e3 94e8      	CLT
0003e4 fff7      	SBRS R31,7
0003e5 c002      	RJMP __CHKSW1
0003e6 dfd2      	RCALL __ANEGW1
0003e7 9468      	SET
                 __CHKSW1:
0003e8 ffb7      	SBRS R27,7
0003e9 c006      	RJMP __CHKSW2
0003ea 95a0      	COM  R26
0003eb 95b0      	COM  R27
0003ec 9611      	ADIW R26,1
0003ed f800      	BLD  R0,0
0003ee 9403      	INC  R0
0003ef fa00      	BST  R0,0
                 __CHKSW2:
0003f0 9508      	RET
                 
                 __GETW1P:
0003f1 91ed      	LD   R30,X+
0003f2 91fc      	LD   R31,X
0003f3 9711      	SBIW R26,1
0003f4 9508      	RET
                 
                 __BSTB1:
0003f5 94e8      	CLT
0003f6 23ee      	TST  R30
0003f7 f009      	BREQ PC+2
0003f8 9468      	SET
0003f9 9508      	RET
                 
                 __SAVELOCR2:
0003fa 931a      	ST   -Y,R17
0003fb 930a      	ST   -Y,R16
0003fc 9508      	RET
                 
                 __LOADLOCR2:
0003fd 8119      	LDD  R17,Y+1
0003fe 8108      	LD   R16,Y
0003ff 9508      	RET
                 
                 ;END OF CODE MARKER
                 __END_OF_CODE:


RESOURCE USE INFORMATION
------------------------

Notice:
The register and instruction counts are symbol table hit counts,
and hence implicitly used resources are not counted, eg, the
'lpm' instruction without operands implicitly uses r0 and z,
none of which are counted.

x,y,z are separate entities in the symbol table and are
counted separately from r26..r31 here.

.dseg memory usage only counts static data declared with .byte

ATmega8 register use summary:
r0 :  14 r1 :   7 r2 :  21 r3 :   0 r4 :  10 r5 :   9 r6 :   9 r7 :  12 
r8 :   7 r9 :   7 r10:   4 r11:   6 r12:   5 r13:  10 r14:   0 r15:   2 
r16:   5 r17:  12 r18:   0 r19:   0 r20:   0 r21:   0 r22:   4 r23:   2 
r24:  25 r25:   7 r26:  60 r27:  16 r28:   5 r29:   1 r30: 303 r31:  54 
x  :   6 y  : 117 z  :  10 
Registers used: 29 out of 35 (82.9%)

ATmega8 instruction use summary:
.lds  :   0 .lds.l:   0 .sts  :   0 .sts.l:   0 adc   :   2 add   :   3 
adiw  :   9 and   :   0 andi  :   4 asr   :   0 bclr  :   0 bld   :  13 
brbc  :   0 brbs  :   0 brcc  :   1 brcs  :   0 break :   0 breq  :  11 
brge  :   0 brhc  :   0 brhs  :   0 brid  :   0 brie  :   0 brlo  :  14 
brlt  :   0 brmi  :   0 brne  :  35 brpl  :   0 brsh  :   2 brtc  :   2 
brts  :   0 brvc  :   0 brvs  :   0 bset  :   0 bst   :   1 cbi   :  12 
cbr   :   0 clc   :   0 clh   :   0 cli   :   2 cln   :   0 clr   :  19 
cls   :   0 clt   :  10 clv   :   0 clz   :   0 com   :   4 cp    :  23 
cpc   :   9 cpi   :  19 cpse  :   0 dec   :   9 des   :   0 eor   :   0 
fmul  :   0 fmuls :   0 fmulsu:   0 icall :   0 ijmp  :   0 in    :   6 
inc   :   7 ld    :  37 ldd   :  12 ldi   : 145 lds   :   4 lpm   :  11 
lsl   :   5 lsr   :   0 mov   :  31 movw  :   6 mul   :   0 muls  :   0 
mulsu :   0 neg   :   2 nop   :   0 or    :   0 ori   :   1 out   :  31 
pop   :   0 push  :   0 rcall : 124 ret   :  22 reti  :   1 rjmp  : 103 
rol   :   4 ror   :   0 sbc   :   1 sbci  :   4 sbi   :  17 sbic  :   7 
sbis  :   8 sbiw  :   9 sbr   :   1 sbrc  :   4 sbrs  :   9 sec   :   0 
seh   :   0 sei   :   3 sen   :   0 ser   :   0 ses   :   0 set   :   8 
sev   :   0 sez   :   0 sleep :   0 spm   :   0 st    :  69 std   :   6 
sts   :   9 sub   :   1 subi  :  11 swap  :   1 tst   :   1 wdr   :   1 

Instructions used: 58 out of 114 (50.9%)

ATmega8 memory use summary [bytes]:
Segment   Begin    End      Code   Data   Used    Size   Use%
---------------------------------------------------------------
[.cseg] 0x000000 0x000800   1874    174   2048    8192  25.0%
[.dseg] 0x000060 0x00017b      0     27     27    1119   2.4%
[.eseg] 0x000000 0x000000      0      0      0     512   0.0%

Assembly complete, 0 errors, 11 warnings
